This is pdfTeX, Version 3.14159265-2.6-1.40.21 (TeX Live 2020/Arch Linux) (preloaded format=pdflatex 2020.7.4)  5 JUL 2020 17:16
entering extended mode
 restricted \write18 enabled.
 %&-line parsing enabled.
**./images.tex
(./images.tex
LaTeX2e <2020-02-02> patch level 5
L3 programming layer <2020-06-03>
(/usr/share/texmf-dist/tex/latex/base/book.cls
Document Class: book 2019/12/20 v1.4l Standard LaTeX document class
(/usr/share/texmf-dist/tex/latex/base/bk11.clo
File: bk11.clo 2019/12/20 v1.4l Standard LaTeX file (size option)
)
\c@part=\count167
\c@chapter=\count168
\c@section=\count169
\c@subsection=\count170
\c@subsubsection=\count171
\c@paragraph=\count172
\c@subparagraph=\count173
\c@figure=\count174
\c@table=\count175
\abovecaptionskip=\skip47
\belowcaptionskip=\skip48
\bibindent=\dimen134
) (/usr/share/texmf-dist/tex/latex/base/ifthen.sty
Package: ifthen 2014/09/29 v1.1c Standard LaTeX ifthen package (DPC)
) (/usr/share/texmf-dist/tex/latex/csvsimple/csvsimple.sty
Package: csvsimple 2019/04/09 version 1.21 LaTeX CSV file processing
(/usr/share/texmf-dist/tex/latex/pgf/utilities/pgfrcs.sty (/usr/share/texmf-dis
t/tex/generic/pgf/utilities/pgfutil-common.tex
\pgfutil@everybye=\toks15
\pgfutil@tempdima=\dimen135
\pgfutil@tempdimb=\dimen136
(/usr/share/texmf-dist/tex/generic/pgf/utilities/pgfutil-common-lists.tex)) (/u
sr/share/texmf-dist/tex/generic/pgf/utilities/pgfutil-latex.def
\pgfutil@abb=\box45
(/usr/share/texmf-dist/tex/latex/ms/everyshi.sty
Package: everyshi 2001/05/15 v3.00 EveryShipout Package (MS)
)) (/usr/share/texmf-dist/tex/generic/pgf/utilities/pgfrcs.code.tex (/usr/share
/texmf-dist/tex/generic/pgf/pgf.revision.tex)
Package: pgfrcs 2020/01/08 v3.1.5b (3.1.5b)
)) (/usr/share/texmf-dist/tex/latex/pgf/utilities/pgfkeys.sty (/usr/share/texmf
-dist/tex/generic/pgf/utilities/pgfkeys.code.tex
\pgfkeys@pathtoks=\toks16
\pgfkeys@temptoks=\toks17
(/usr/share/texmf-dist/tex/generic/pgf/utilities/pgfkeysfiltered.code.tex
\pgfkeys@tmptoks=\toks18
))) (/usr/share/texmf-dist/tex/latex/etoolbox/etoolbox.sty
Package: etoolbox 2019/09/21 v2.5h e-TeX tools for LaTeX (JAW)
\etb@tempcnta=\count176
) (/usr/share/texmf-dist/tex/latex/tools/shellesc.sty
Package: shellesc 2019/11/08 v1.0c unified shell escape interface for LaTeX
Package shellesc Info: Restricted shell escape enabled on input line 77.
)
\csv@file=\read2
\c@csvinputline=\count177
\c@csvrow=\count178
\c@csvcol=\count179
\csv@out=\write3
) (/usr/share/texmf-dist/tex/latex/booktabs/booktabs.sty
Package: booktabs 2020/01/12 v1.61803398 Publication quality tables
\heavyrulewidth=\dimen137
\lightrulewidth=\dimen138
\cmidrulewidth=\dimen139
\belowrulesep=\dimen140
\belowbottomsep=\dimen141
\aboverulesep=\dimen142
\abovetopsep=\dimen143
\cmidrulesep=\dimen144
\cmidrulekern=\dimen145
\defaultaddspace=\dimen146
\@cmidla=\count180
\@cmidlb=\count181
\@aboverulesep=\dimen147
\@belowrulesep=\dimen148
\@thisruleclass=\count182
\@lastruleclass=\count183
\@thisrulewidth=\dimen149
) (/usr/share/texmf-dist/tex/latex/enumitem/enumitem.sty
Package: enumitem 2019/06/20 v3.9 Customized lists
\enitkv@toks@=\toks19
\labelindent=\skip49
\enit@outerparindent=\dimen150
\enit@toks=\toks20
\enit@inbox=\box46
\enit@count@id=\count184
\enitdp@description=\count185
) (/usr/share/texmf-dist/tex/latex/placeins/placeins.sty
Package: placeins 2005/04/18  v 2.2
) (/usr/share/texmf-dist/tex/latex/graphics/graphicx.sty
Package: graphicx 2019/11/30 v1.2a Enhanced LaTeX Graphics (DPC,SPQR)
(/usr/share/texmf-dist/tex/latex/graphics/keyval.sty
Package: keyval 2014/10/28 v1.15 key=value parser (DPC)
\KV@toks@=\toks21
) (/usr/share/texmf-dist/tex/latex/graphics/graphics.sty
Package: graphics 2019/11/30 v1.4a Standard LaTeX Graphics (DPC,SPQR)
(/usr/share/texmf-dist/tex/latex/graphics/trig.sty
Package: trig 2016/01/03 v1.10 sin cos tan (DPC)
) (/usr/share/texmf-dist/tex/latex/graphics-cfg/graphics.cfg
File: graphics.cfg 2016/06/04 v1.11 sample graphics configuration
)
Package graphics Info: Driver file: pdftex.def on input line 105.
(/usr/share/texmf-dist/tex/latex/graphics-def/pdftex.def
File: pdftex.def 2018/01/08 v1.0l Graphics/color driver for pdftex
))
\Gin@req@height=\dimen151
\Gin@req@width=\dimen152
) (/usr/share/texmf-dist/tex/latex/base/makeidx.sty
Package: makeidx 2014/09/29 v1.0m Standard LaTeX package
) (/usr/share/texmf-dist/tex/generic/xint/xintbinhex.sty (/usr/share/texmf-dist
/tex/generic/xint/xintkernel.sty
Package: xintkernel 2020/02/25 v1.4b Paraphernalia for the xint packages (JFB)
\xint_c_ii^xiv=\count186
\xint_c_ii^xxi=\count187
)
Package: xintbinhex 2020/02/25 v1.4b Expandable binary and hexadecimal conversi
ons (JFB)
\xint_c_ii^xv=\count188
\xint_c_ii^xvi=\count189
) (/usr/share/texmf-dist/tex/latex/hang/hang.sty
Package: hang 2017/02/18 v2.1 Hanging paragraphs and list items
\hangingindent=\skip50
\hangingleftmargin=\skip51
\labeledleftmargin=\skip52
) (/usr/share/texmf-dist/tex/latex/listings/listings.sty
\lst@mode=\count190
\lst@gtempboxa=\box47
\lst@token=\toks22
\lst@length=\count191
\lst@currlwidth=\dimen153
\lst@column=\count192
\lst@pos=\count193
\lst@lostspace=\dimen154
\lst@width=\dimen155
\lst@newlines=\count194
\lst@lineno=\count195
\lst@maxwidth=\dimen156
(/usr/share/texmf-dist/tex/latex/listings/lstmisc.sty
File: lstmisc.sty 2020/03/24 1.8d (Carsten Heinz)
\c@lstnumber=\count196
\lst@skipnumbers=\count197
\lst@framebox=\box48
) (/usr/share/texmf-dist/tex/latex/listings/listings.cfg
File: listings.cfg 2020/03/24 1.8d listings configuration
))
Package: listings 2020/03/24 1.8d (Carsten Heinz)
\@indexfile=\write4
Writing index file images.idx
(/usr/share/texmf-dist/tex/latex/xcolor/xcolor.sty
Package: xcolor 2016/05/11 v2.12 LaTeX color extensions (UK)
(/usr/share/texmf-dist/tex/latex/graphics-cfg/color.cfg
File: color.cfg 2016/01/02 v1.6 sample color configuration
)
Package xcolor Info: Driver file: pdftex.def on input line 225.
Package xcolor Info: Model `cmy' substituted by `cmy0' on input line 1348.
Package xcolor Info: Model `hsb' substituted by `rgb' on input line 1352.
Package xcolor Info: Model `RGB' extended on input line 1364.
Package xcolor Info: Model `HTML' substituted by `rgb' on input line 1366.
Package xcolor Info: Model `Hsb' substituted by `hsb' on input line 1367.
Package xcolor Info: Model `tHsb' substituted by `hsb' on input line 1368.
Package xcolor Info: Model `HSB' substituted by `hsb' on input line 1369.
Package xcolor Info: Model `Gray' substituted by `gray' on input line 1370.
Package xcolor Info: Model `wave' substituted by `hsb' on input line 1371.
) (/usr/share/texmf-dist/tex/latex/base/inputenc.sty
Package: inputenc 2018/08/11 v1.3c Input encoding file
\inpenc@prehook=\toks23
\inpenc@posthook=\toks24
)
\sizebox=\box49
\lthtmlwrite=\write5
(/usr/share/texmf-dist/tex/latex/preview/preview.sty
Package: preview 2017/04/24 12.2 (AUCTeX/preview-latex)
(/usr/share/texmf-dist/tex/generic/luatex85/luatex85.sty
Package: luatex85 2016/06/15 v1.4 pdftex aliases for luatex
) (/usr/share/texmf-dist/tex/latex/preview/prtightpage.def
\PreviewBorder=\dimen157
)
\pr@snippet=\count198
\pr@box=\box50
\pr@output=\toks25
)
\lthtmlPageBox=\box51
\lthtmlCropMarkHeight=\dimen158
\lthtmlCropMarkDepth=\dimen159
! Too many }'s.
l.88 ...preview}\copy\lthtmlPageBox\end{preview}}}
                                                  %
You've closed more groups than you opened.
Such booboos are generally harmless, so keep going.

(/usr/share/texmf-dist/tex/latex/l3backend/l3backend-pdfmode.def
File: l3backend-pdfmode.def 2020-06-03 L3 backend support: PDF mode
\l__kernel_color_stack_int=\count199
\l__pdf_internal_box=\box52
) (./images.aux (/home/alex/retro/zx/code/zx_next_notes/video/video.aux) (/home
/alex/retro/zx/code/zx_next_notes/audio/audio.aux) (/home/alex/retro/zx/code/zx
_next_notes/memory/memory.aux) (/home/alex/retro/zx/code/zx_next_notes/zxndma/z
xndma.aux) (/home/alex/retro/zx/code/zx_next_notes/copper/copper.aux) (/home/al
ex/retro/zx/code/zx_next_notes/interrupts.aux) (/home/alex/retro/zx/code/zx_nex
t_notes/pi0.aux) (/home/alex/retro/zx/code/zx_next_notes/system/system.aux) (/h
ome/alex/retro/zx/code/zx_next_notes/appendices/ports/ports.aux) (/home/alex/re
tro/zx/code/zx_next_notes/appendices/registers/registers.aux) (/home/alex/retro
/zx/code/zx_next_notes/appendices/opcode/opcode-mnemonic.aux)
(/home/alex/retro/zx/code/zx_next_notes/appendices/mnemonic/mnemonic-opcode.aux
) (/home/alex/retro/zx/code/zx_next_notes/appendices/file_formats.aux) (/home/a
lex/retro/zx/code/zx_next_notes/appendices/call_tables.aux) (/home/alex/retro/z
x/code/zx_next_notes/ctc/ctc.aux))
LaTeX Font Info:    Checking defaults for OML/cmm/m/it on input line 119.
LaTeX Font Info:    ... okay on input line 119.
LaTeX Font Info:    Checking defaults for OMS/cmsy/m/n on input line 119.
LaTeX Font Info:    ... okay on input line 119.
LaTeX Font Info:    Checking defaults for OT1/cmr/m/n on input line 119.
LaTeX Font Info:    ... okay on input line 119.
LaTeX Font Info:    Checking defaults for T1/cmr/m/n on input line 119.
LaTeX Font Info:    ... okay on input line 119.
LaTeX Font Info:    Checking defaults for TS1/cmr/m/n on input line 119.
LaTeX Font Info:    ... okay on input line 119.
LaTeX Font Info:    Checking defaults for OMX/cmex/m/n on input line 119.
LaTeX Font Info:    ... okay on input line 119.
LaTeX Font Info:    Checking defaults for U/cmr/m/n on input line 119.
LaTeX Font Info:    ... okay on input line 119.
ABD: EveryShipout initializing macros (/usr/share/texmf-dist/tex/context/base/m
kii/supp-pdf.mkii
[Loading MPS to PDF converter (version 2006.09.02).]
\scratchcounter=\count266
\scratchdimen=\dimen160
\scratchbox=\box53
\nofMPsegments=\count267
\nofMParguments=\count268
\everyMPshowfont=\toks26
\MPscratchCnt=\count269
\MPscratchDim=\dimen161
\MPnumerator=\count270
\makeMPintoPDFobject=\count271
\everyMPtoPDFconversion=\toks27
) (/usr/share/texmf-dist/tex/latex/epstopdf-pkg/epstopdf-base.sty
Package: epstopdf-base 2020-01-24 v2.11 Base part for package epstopdf
(/usr/share/texmf-dist/tex/generic/infwarerr/infwarerr.sty
Package: infwarerr 2019/12/03 v1.5 Providing info/warning/error messages (HO)
) (/usr/share/texmf-dist/tex/latex/grfext/grfext.sty
Package: grfext 2019/12/03 v1.3 Manage graphics extensions (HO)
(/usr/share/texmf-dist/tex/generic/kvdefinekeys/kvdefinekeys.sty
Package: kvdefinekeys 2019-12-19 v1.6 Define keys (HO)
)) (/usr/share/texmf-dist/tex/latex/kvoptions/kvoptions.sty
Package: kvoptions 2019/11/29 v3.13 Key value format for package options (HO)
(/usr/share/texmf-dist/tex/generic/ltxcmds/ltxcmds.sty
Package: ltxcmds 2019/12/15 v1.24 LaTeX kernel commands for general use (HO)
) (/usr/share/texmf-dist/tex/generic/kvsetkeys/kvsetkeys.sty
Package: kvsetkeys 2019/12/15 v1.18 Key value parser (HO)
)) (/usr/share/texmf-dist/tex/latex/pdftexcmds/pdftexcmds.sty
Package: pdftexcmds 2020-06-04 v0.32 Utility functions of pdfTeX for LuaTeX (HO
)
(/usr/share/texmf-dist/tex/generic/iftex/iftex.sty
Package: iftex 2020/03/06 v1.0d TeX engine tests
)
Package pdftexcmds Info: \pdf@primitive is available.
Package pdftexcmds Info: \pdf@ifprimitive is available.
Package pdftexcmds Info: \pdfdraftmode found.
)
Package epstopdf-base Info: Redefining graphics rule for `.eps' on input line 4
85.
Package grfext Info: Graphics extension search list:
(grfext)             [.pdf,.png,.jpg,.mps,.jpeg,.jbig2,.jb2,.PDF,.PNG,.JPG,.JPE
G,.JBIG2,.JB2,.eps]
(grfext)             \AppendGraphicsExtensions on input line 504.
(/usr/share/texmf-dist/tex/latex/latexconfig/epstopdf-sys.cfg
File: epstopdf-sys.cfg 2010/07/13 v1.3 Configuration of (r)epstopdf for TeX Liv
e
))
\c@lstlisting=\count272
Preview: Fontsize 10.95pt
Preview: PDFoutput 1

latex2htmlLength hsize=349.0pt

latex2htmlLength vsize=624.73698pt

latex2htmlLength hoffset=0.0pt

latex2htmlLength voffset=0.0pt

latex2htmlLength topmargin=0.0pt

latex2htmlLength topskip=0.00003pt

latex2htmlLength headheight=0.0pt

latex2htmlLength headsep=0.0pt

latex2htmlLength parskip=6.0pt

latex2htmlLength oddsidemargin=29.0pt

latex2htmlLength evensidemargin=80.0pt

LaTeX Font Info:    External font `cmex10' loaded for size
(Font)              <10.95> on input line 144.
LaTeX Font Info:    External font `cmex10' loaded for size
(Font)              <8> on input line 144.
LaTeX Font Info:    External font `cmex10' loaded for size
(Font)              <6> on input line 144.

:tex2html_wrap_inline8755:lthtmlCropMarkHeight:=13.05666pt

:tex2html_wrap_inline8755:lthtmlCropMarkDepth:=0.9125pt:1ex:=4.71457pt
Preview: Tightpage -32891 -32891 32891 32891
[1{/var/lib/texmf/fonts/map/pdftex/updmap/pdftex.map}]

:tex2html_wrap_inline8761:lthtmlCropMarkHeight:=13.05666pt

:tex2html_wrap_inline8761:lthtmlCropMarkDepth:=0.9125pt:1ex:=4.71457pt
[2]

:tex2html_wrap_inline8764:lthtmlCropMarkHeight:=13.05666pt

:tex2html_wrap_inline8764:lthtmlCropMarkDepth:=0.9125pt:1ex:=4.71457pt
[3]

:tex2html_wrap_inline78:lthtmlCropMarkHeight:=13.05666pt

:tex2html_wrap_inline78:lthtmlCropMarkDepth:=0.9125pt:1ex:=4.71457pt
[4]

:tex2html_wrap_inline80:lthtmlCropMarkHeight:=13.05666pt

:tex2html_wrap_inline80:lthtmlCropMarkDepth:=0.9125pt:1ex:=4.71457pt
[5]

:tex2html_wrap_inline82:lthtmlCropMarkHeight:=13.05666pt

:tex2html_wrap_inline82:lthtmlCropMarkDepth:=0.9125pt:1ex:=4.71457pt
[6]

:tex2html_wrap_inline101:lthtmlCropMarkHeight:=10.01727pt

:tex2html_wrap_inline101:lthtmlCropMarkDepth:=0.0pt:1ex:=4.71457pt
[7]

:table201:lthtmlCropMarkHeight:=34.39996pt

:table201:lthtmlCropMarkDepth:=0.0pt:1ex:=4.71457pt
[8]

:table206:lthtmlCropMarkHeight:=129.5999pt

:table206:lthtmlCropMarkDepth:=0.0pt:1ex:=4.71457pt
[9]

:tex2html_wrap_inline372:lthtmlCropMarkHeight:=13.05666pt

:tex2html_wrap_inline372:lthtmlCropMarkDepth:=0.9125pt:1ex:=4.71457pt
[10]

:tex2html_wrap_inline374:lthtmlCropMarkHeight:=13.05666pt

:tex2html_wrap_inline374:lthtmlCropMarkDepth:=0.9125pt:1ex:=4.71457pt
[11]

:tex2html_wrap_inline384:lthtmlCropMarkHeight:=13.48248pt

:tex2html_wrap_inline384:lthtmlCropMarkDepth:=1.64249pt:1ex:=4.71457pt
[12]

:tex2html_wrap_inline388:lthtmlCropMarkHeight:=13.48248pt

:tex2html_wrap_inline388:lthtmlCropMarkDepth:=1.64249pt:1ex:=4.71457pt
[13]

:tex2html_wrap_inline390:lthtmlCropMarkHeight:=13.48248pt

:tex2html_wrap_inline390:lthtmlCropMarkDepth:=1.64249pt:1ex:=4.71457pt
[14]

:tex2html_wrap_inline392:lthtmlCropMarkHeight:=13.48248pt

:tex2html_wrap_inline392:lthtmlCropMarkDepth:=1.64249pt:1ex:=4.71457pt
[15]

:tex2html_wrap_inline396:lthtmlCropMarkHeight:=13.05666pt

:tex2html_wrap_inline396:lthtmlCropMarkDepth:=0.9125pt:1ex:=4.71457pt
[16]

:tex2html_wrap_inline398:lthtmlCropMarkHeight:=13.05666pt

:tex2html_wrap_inline398:lthtmlCropMarkDepth:=0.9125pt:1ex:=4.71457pt
[17]

:tex2html_wrap_inline406:lthtmlCropMarkHeight:=13.05666pt

:tex2html_wrap_inline406:lthtmlCropMarkDepth:=0.9125pt:1ex:=4.71457pt
[18]

:table360:lthtmlCropMarkHeight:=129.5999pt

:table360:lthtmlCropMarkDepth:=0.0pt:1ex:=4.71457pt
[19]

:tex2html_wrap_inline408:lthtmlCropMarkHeight:=13.05666pt

:tex2html_wrap_inline408:lthtmlCropMarkDepth:=0.9125pt:1ex:=4.71457pt
[20]

:tex2html_wrap_inline412:lthtmlCropMarkHeight:=13.05666pt

:tex2html_wrap_inline412:lthtmlCropMarkDepth:=0.9125pt:1ex:=4.71457pt
[21]

:tex2html_wrap_inline414:lthtmlCropMarkHeight:=13.48248pt

:tex2html_wrap_inline414:lthtmlCropMarkDepth:=1.64249pt:1ex:=4.71457pt
[22]

:tex2html_wrap_inline416:lthtmlCropMarkHeight:=13.05666pt

:tex2html_wrap_inline416:lthtmlCropMarkDepth:=0.9125pt:1ex:=4.71457pt
[23]

:tex2html_wrap_inline418:lthtmlCropMarkHeight:=13.05666pt

:tex2html_wrap_inline418:lthtmlCropMarkDepth:=0.0pt:1ex:=4.71457pt
[24]

:tex2html_wrap_inline516:lthtmlCropMarkHeight:=13.05666pt

:tex2html_wrap_inline516:lthtmlCropMarkDepth:=0.9125pt:1ex:=4.71457pt
[25]

:tex2html_wrap_inline661:lthtmlCropMarkHeight:=13.05666pt

:tex2html_wrap_inline661:lthtmlCropMarkDepth:=0.9125pt:1ex:=4.71457pt
[26]

:tex2html_wrap_inline665:lthtmlCropMarkHeight:=13.05666pt

:tex2html_wrap_inline665:lthtmlCropMarkDepth:=0.9125pt:1ex:=4.71457pt
[27]

:tex2html_wrap_inline671:lthtmlCropMarkHeight:=13.05666pt

:tex2html_wrap_inline671:lthtmlCropMarkDepth:=0.9125pt:1ex:=4.71457pt
[28]

:tex2html_wrap_inline673:lthtmlCropMarkHeight:=13.05666pt

:tex2html_wrap_inline673:lthtmlCropMarkDepth:=0.9125pt:1ex:=4.71457pt
[29]

:tex2html_wrap_inline952:lthtmlCropMarkHeight:=13.05666pt

:tex2html_wrap_inline952:lthtmlCropMarkDepth:=0.9125pt:1ex:=4.71457pt
[30]

:tex2html_wrap_inline954:lthtmlCropMarkHeight:=13.05666pt

:tex2html_wrap_inline954:lthtmlCropMarkDepth:=0.9125pt:1ex:=4.71457pt
[31]

:tex2html_wrap_inline956:lthtmlCropMarkHeight:=13.05666pt

:tex2html_wrap_inline956:lthtmlCropMarkDepth:=0.9125pt:1ex:=4.71457pt
[32]

:tex2html_wrap_inline958:lthtmlCropMarkHeight:=13.05666pt

:tex2html_wrap_inline958:lthtmlCropMarkDepth:=0.9125pt:1ex:=4.71457pt
[33]

:tex2html_wrap_inline980:lthtmlCropMarkHeight:=13.05666pt

:tex2html_wrap_inline980:lthtmlCropMarkDepth:=0.9125pt:1ex:=4.71457pt
[34]

:tex2html_wrap_inline984:lthtmlCropMarkHeight:=13.05666pt

:tex2html_wrap_inline984:lthtmlCropMarkDepth:=0.9125pt:1ex:=4.71457pt
[35]

:tex2html_wrap_inline1281:lthtmlCropMarkHeight:=15.44032pt

:tex2html_wrap_inline1281:lthtmlCropMarkDepth:=0.0pt:1ex:=4.71457pt
[36]

:table1655:lthtmlCropMarkHeight:=75.19994pt

:table1655:lthtmlCropMarkDepth:=0.0pt:1ex:=4.71457pt
[37]
Overfull \hbox (157.3037pt too wide) in paragraph at lines 465--465
 [][] 
 []


:table1773:lthtmlCropMarkHeight:=102.39992pt

:table1773:lthtmlCropMarkDepth:=0.0pt:1ex:=4.71457pt
[38]

:table1916:lthtmlCropMarkHeight:=115.99991pt

:table1916:lthtmlCropMarkDepth:=0.0pt:1ex:=4.71457pt
[39]

:table1920:lthtmlCropMarkHeight:=115.99991pt

:table1920:lthtmlCropMarkDepth:=0.0pt:1ex:=4.71457pt
[40]

:table1926:lthtmlCropMarkHeight:=75.19994pt

:table1926:lthtmlCropMarkDepth:=0.0pt:1ex:=4.71457pt
[41]

:table1930:lthtmlCropMarkHeight:=75.19994pt

:table1930:lthtmlCropMarkDepth:=0.0pt:1ex:=4.71457pt
[42]
Overfull \hbox (36.52087pt too wide) in paragraph at lines 533--533
 [][] 
 []


:table1934:lthtmlCropMarkHeight:=140.33322pt

:table1934:lthtmlCropMarkDepth:=0.0pt:1ex:=4.71457pt
[43]
LaTeX Font Info:    External font `cmex10' loaded for size
(Font)              <5> on input line 546.

Overfull \hbox (11.31319pt too wide) in paragraph at lines 546--546
 [][] 
 []


:table1938:lthtmlCropMarkHeight:=167.53333pt

:table1938:lthtmlCropMarkDepth:=0.0pt:1ex:=4.71457pt
[44]

:tex2html_wrap_inline2013:lthtmlCropMarkHeight:=13.05666pt

:tex2html_wrap_inline2013:lthtmlCropMarkDepth:=0.9125pt:1ex:=4.71457pt
[45]

:tex2html_wrap_inline2015:lthtmlCropMarkHeight:=13.05666pt

:tex2html_wrap_inline2015:lthtmlCropMarkDepth:=0.9125pt:1ex:=4.71457pt
[46]

:table1943:lthtmlCropMarkHeight:=47.99995pt

:table1943:lthtmlCropMarkDepth:=0.0pt:1ex:=4.71457pt
[47]
LaTeX Font Info:    External font `cmex10' loaded for size
(Font)              <7> on input line 591.

Overfull \hbox (33.41745pt too wide) in paragraph at lines 591--591
 [][] 
 []


:table1947:lthtmlCropMarkHeight:=234.19998pt

:table1947:lthtmlCropMarkDepth:=0.0pt:1ex:=4.71457pt
[48]

:table1952:lthtmlCropMarkHeight:=111.00412pt

:table1952:lthtmlCropMarkDepth:=0.0pt:1ex:=4.71457pt
[49]
Overfull \hbox (11.48543pt too wide) in paragraph at lines 629--629
 [][] 
 []


:table1965:lthtmlCropMarkHeight:=97.40411pt

:table1965:lthtmlCropMarkDepth:=0.0pt:1ex:=4.71457pt
[50]

:table1969:lthtmlCropMarkHeight:=84.41245pt

:table1969:lthtmlCropMarkDepth:=0.0pt:1ex:=4.71457pt
[51]
Overfull \hbox (132.6706pt too wide) in paragraph at lines 659--659
 [][] 
 []


:table2443:lthtmlCropMarkHeight:=319.99977pt

:table2443:lthtmlCropMarkDepth:=0.0pt:1ex:=4.71457pt
[52]

:tex2html_wrap_inline2504:lthtmlCropMarkHeight:=15.48238pt

:tex2html_wrap_inline2504:lthtmlCropMarkDepth:=0.0pt:1ex:=4.71457pt
[53]

:tex2html_wrap_inline2506:lthtmlCropMarkHeight:=15.48238pt

:tex2html_wrap_inline2506:lthtmlCropMarkDepth:=0.0pt:1ex:=4.71457pt
[54]

:tex2html_wrap_inline2508:lthtmlCropMarkHeight:=15.48238pt

:tex2html_wrap_inline2508:lthtmlCropMarkDepth:=0.0pt:1ex:=4.71457pt
[55]

:tex2html_wrap_inline2571:lthtmlCropMarkHeight:=15.12923pt

:tex2html_wrap_inline2571:lthtmlCropMarkDepth:=0.0pt:1ex:=4.71457pt
[56]

:tex2html_wrap_inline2573:lthtmlCropMarkHeight:=15.12923pt

:tex2html_wrap_inline2573:lthtmlCropMarkDepth:=0.0pt:1ex:=4.71457pt
[57]

:labeledpar2671:lthtmlCropMarkHeight:=22.94998pt

:labeledpar2671:lthtmlCropMarkDepth:=0.0pt:1ex:=4.71457pt
[58]

:labeledpar2679:lthtmlCropMarkHeight:=22.94998pt

:labeledpar2679:lthtmlCropMarkDepth:=0.0pt:1ex:=4.71457pt
[59]

:labeledpar2683:lthtmlCropMarkHeight:=22.94998pt

:labeledpar2683:lthtmlCropMarkDepth:=0.0pt:1ex:=4.71457pt
[60]

:labeledpar2688:lthtmlCropMarkHeight:=33.20416pt

:labeledpar2688:lthtmlCropMarkDepth:=0.0pt:1ex:=4.71457pt
[61]

:labeledpar2695:lthtmlCropMarkHeight:=21.64207pt

:labeledpar2695:lthtmlCropMarkDepth:=0.0pt:1ex:=4.71457pt
[62]

:labeledpar2703:lthtmlCropMarkHeight:=73.91293pt

:labeledpar2703:lthtmlCropMarkDepth:=0.0pt:1ex:=4.71457pt
[63]

:labeledpar2714:lthtmlCropMarkHeight:=22.94998pt

:labeledpar2714:lthtmlCropMarkDepth:=0.0pt:1ex:=4.71457pt
[64]

:labeledpar2719:lthtmlCropMarkHeight:=21.73332pt

:labeledpar2719:lthtmlCropMarkDepth:=0.0pt:1ex:=4.71457pt
[65]

:labeledpar2723:lthtmlCropMarkHeight:=35.33333pt

:labeledpar2723:lthtmlCropMarkDepth:=0.0pt:1ex:=4.71457pt
[66]

:labeledpar2727:lthtmlCropMarkHeight:=21.73332pt

:labeledpar2727:lthtmlCropMarkDepth:=0.0pt:1ex:=4.71457pt
[67]

:tex2html_wrap_inline2799:lthtmlCropMarkHeight:=14.2125pt

:tex2html_wrap_inline2799:lthtmlCropMarkDepth:=2.73749pt:1ex:=4.71457pt
[68]

:tex2html_wrap_inline2807:lthtmlCropMarkHeight:=11.9031pt

:tex2html_wrap_inline2807:lthtmlCropMarkDepth:=0.42812pt:1ex:=4.71457pt
[69]

:tex2html_wrap_inline2811:lthtmlCropMarkHeight:=11.9031pt

:tex2html_wrap_inline2811:lthtmlCropMarkDepth:=0.42812pt:1ex:=4.71457pt
[70]

:table3521:lthtmlCropMarkHeight:=537.59962pt

:table3521:lthtmlCropMarkDepth:=0.0pt:1ex:=4.71457pt
[71]
Overfull \hbox (109.80673pt too wide) in paragraph at lines 815--815
 [][] 
 []


:table3642:lthtmlCropMarkHeight:=115.99991pt

:table3642:lthtmlCropMarkDepth:=0.0pt:1ex:=4.71457pt
[72]
Overfull \hbox (40.63914pt too wide) in paragraph at lines 824--824
 [][] 
 []


:table3692:lthtmlCropMarkHeight:=360.79974pt

:table3692:lthtmlCropMarkDepth:=0.0pt:1ex:=4.71457pt
[73] (/usr/share/texmf-dist/tex/latex/listings/lstlang1.sty
File: lstlang1.sty 2020/03/24 1.8d listings language file
) (/usr/share/texmf-dist/tex/latex/listings/lstmisc.sty
File: lstmisc.sty 2020/03/24 1.8d (Carsten Heinz)
)
! Argument of \lst@next has an extra }.
<inserted text> 
                \par 
l.843 \lthtmlfigureZ
                    
I've run across a `}' that doesn't seem to match anything.
For example, `\def\a#1{...}' and `\a}' would produce
this error. If you simply proceed now, the `\par' that
I've just inserted will cause me to report a runaway
argument that might be the root of the problem. But if
your `}' was spurious, just type `2' and it will go away.

Runaway argument?
! Paragraph ended before \lst@next was complete.
<to be read again> 
                   \par 
l.843 \lthtmlfigureZ
                    
I suspect you've forgotten a `}', causing me to apply this
control sequence to too much text. How can we recover?
My plan is to forget the whole thing and hope for the best.

! Extra }, or forgotten \endgroup.
\lthtmlTightFBox ...xpandafter \box \next \egroup 
                                                  \lthtmlCropMarkHeight =\ht...
l.843 \lthtmlfigureZ
                    
I've deleted a group-closing symbol because it seems to be
spurious, as in `$x}$'. But perhaps the } is legitimate and
you forgot something else, as in `\hbox{$x}'. In such cases
the way to recover is to insert both the forgotten and the
deleted material, e.g., by typing `I$}'.


:lstlisting5092:lthtmlCropMarkHeight:=6.0pt

:lstlisting5092:lthtmlCropMarkDepth:=0.0pt:1ex:=4.71457pt
[74]
! Extra }, or forgotten \endgroup.
l.844 \lthtmlcheckvsize\clearpage}
                                  
I've deleted a group-closing symbol because it seems to be
spurious, as in `$x}$'. But perhaps the } is legitimate and
you forgot something else, as in `\hbox{$x}'. In such cases
the way to recover is to insert both the forgotten and the
deleted material, e.g., by typing `I$}'.

! Missing $ inserted.
<inserted text> 
                $
l.851 \lthtmlfigureZ
                    
I've inserted a begin-math/end-math symbol since I think
you left one out. Proceed, with fingers crossed.

! Missing $ inserted.
<inserted text> 
                $
l.851 \lthtmlfigureZ
                    
I've inserted a begin-math/end-math symbol since I think
you left one out. Proceed, with fingers crossed.


:lstlisting5097:lthtmlCropMarkHeight:=31.59999pt

:lstlisting5097:lthtmlCropMarkDepth:=0.0pt:1ex:=4.71457pt
[75]
! Missing $ inserted.
<inserted text> 
                $
l.859 \lthtmlfigureZ
                    
I've inserted a begin-math/end-math symbol since I think
you left one out. Proceed, with fingers crossed.

! Missing $ inserted.
<inserted text> 
                $
l.859 \lthtmlfigureZ
                    
I've inserted a begin-math/end-math symbol since I think
you left one out. Proceed, with fingers crossed.


:lstlisting5100:lthtmlCropMarkHeight:=31.59999pt

:lstlisting5100:lthtmlCropMarkDepth:=0.0pt:1ex:=4.71457pt
[76]
! Missing $ inserted.
<inserted text> 
                $
l.867 \lthtmlfigureZ
                    
I've inserted a begin-math/end-math symbol since I think
you left one out. Proceed, with fingers crossed.

! Missing $ inserted.
<inserted text> 
                $
l.867 \lthtmlfigureZ
                    
I've inserted a begin-math/end-math symbol since I think
you left one out. Proceed, with fingers crossed.


:lstlisting5103:lthtmlCropMarkHeight:=31.59999pt

:lstlisting5103:lthtmlCropMarkDepth:=0.0pt:1ex:=4.71457pt
[77]
! Missing $ inserted.
<inserted text> 
                $
l.875 \lthtmlfigureZ
                    
I've inserted a begin-math/end-math symbol since I think
you left one out. Proceed, with fingers crossed.

! Missing $ inserted.
<inserted text> 
                $
l.875 \lthtmlfigureZ
                    
I've inserted a begin-math/end-math symbol since I think
you left one out. Proceed, with fingers crossed.


:lstlisting5106:lthtmlCropMarkHeight:=31.59999pt

:lstlisting5106:lthtmlCropMarkDepth:=0.0pt:1ex:=4.71457pt
[78]
! Missing $ inserted.
<inserted text> 
                $
l.883 \lthtmlfigureZ
                    
I've inserted a begin-math/end-math symbol since I think
you left one out. Proceed, with fingers crossed.

! Missing $ inserted.
<inserted text> 
                $
l.883 \lthtmlfigureZ
                    
I've inserted a begin-math/end-math symbol since I think
you left one out. Proceed, with fingers crossed.


:lstlisting5109:lthtmlCropMarkHeight:=31.59999pt

:lstlisting5109:lthtmlCropMarkDepth:=0.0pt:1ex:=4.71457pt
[79]
! Missing $ inserted.
<inserted text> 
                $
l.891 \lthtmlfigureZ
                    
I've inserted a begin-math/end-math symbol since I think
you left one out. Proceed, with fingers crossed.

! Missing $ inserted.
<inserted text> 
                $
l.891 \lthtmlfigureZ
                    
I've inserted a begin-math/end-math symbol since I think
you left one out. Proceed, with fingers crossed.


:lstlisting5112:lthtmlCropMarkHeight:=31.59999pt

:lstlisting5112:lthtmlCropMarkDepth:=0.0pt:1ex:=4.71457pt
[80]
! Missing $ inserted.
<inserted text> 
                $
l.900 \lthtmlfigureZ
                    
I've inserted a begin-math/end-math symbol since I think
you left one out. Proceed, with fingers crossed.

! Missing $ inserted.
<inserted text> 
                $
l.900 \lthtmlfigureZ
                    
I've inserted a begin-math/end-math symbol since I think
you left one out. Proceed, with fingers crossed.


Overfull \hbox (53.79597pt too wide) in paragraph at lines 900--900
[][]\OT1/cmr/m/n/10.95 unsigned char esx$[]\OML/cmm/m/it/10.95 os[]et[]rive\OT1
/cmr/m/n/10.95 (\OML/cmm/m/it/10.95 void\OT1/cmr/m/n/10.95 )\OML/cmm/m/it/10.95
 unsignedcharesx[]os[]et[]rive\OT1/cmr/m/n/10.95 (\OML/cmm/m/it/10.95 unsignedc
hardrive\OT1/cmr/m/n/10.95 )$ 
 []


:lstlisting5115:lthtmlCropMarkHeight:=31.59999pt

:lstlisting5115:lthtmlCropMarkDepth:=0.0pt:1ex:=4.71457pt
[81]
! Missing $ inserted.
<inserted text> 
                $
l.908 \lthtmlfigureZ
                    
I've inserted a begin-math/end-math symbol since I think
you left one out. Proceed, with fingers crossed.

! Double subscript.
<argument> ...}[language=C]^^Munsigned char esx_f_
                                                  chdir(unsigned char *pathn...
l.908 \lthtmlfigureZ
                    
I treat `x_1_2' essentially like `x_1{}_2'.

! Missing $ inserted.
<inserted text> 
                $
l.908 \lthtmlfigureZ
                    
I've inserted a begin-math/end-math symbol since I think
you left one out. Proceed, with fingers crossed.


:lstlisting5118:lthtmlCropMarkHeight:=31.59999pt

:lstlisting5118:lthtmlCropMarkDepth:=0.0pt:1ex:=4.71457pt
[82]
! Missing $ inserted.
<inserted text> 
                $
l.916 \lthtmlfigureZ
                    
I've inserted a begin-math/end-math symbol since I think
you left one out. Proceed, with fingers crossed.

! Double subscript.
<argument> ...}[language=C]^^Munsigned char esx_f_
                                                  chmod(unsigned char *filen...
l.916 \lthtmlfigureZ
                    
I treat `x_1_2' essentially like `x_1{}_2'.

! Missing $ inserted.
<inserted text> 
                $
l.916 \lthtmlfigureZ
                    
I've inserted a begin-math/end-math symbol since I think
you left one out. Proceed, with fingers crossed.


Overfull \hbox (28.14467pt too wide) in paragraph at lines 916--916
[][]\OT1/cmr/m/n/10.95 unsigned char esx$[][]\OML/cmm/m/it/10.95 hmod\OT1/cmr/m
/n/10.95 (\OML/cmm/m/it/10.95 unsignedchar \OMS/cmsy/m/n/10.95 ^^C \OML/cmm/m/i
t/10.95 filename; uint\OT1/cmr/m/n/10.95 8[]\OML/cmm/m/it/10.95 attr[]ask; uint
\OT1/cmr/m/n/10.95 8[]\OML/cmm/m/it/10.95 attr\OT1/cmr/m/n/10.95 )$ 
 []


:lstlisting5121:lthtmlCropMarkHeight:=31.59999pt

:lstlisting5121:lthtmlCropMarkDepth:=0.0pt:1ex:=4.71457pt
[83]
! Missing $ inserted.
<inserted text> 
                $
l.924 \lthtmlfigureZ
                    
I've inserted a begin-math/end-math symbol since I think
you left one out. Proceed, with fingers crossed.

! Double subscript.
<argument> ...}[language=C]^^Munsigned char esx_f_
                                                  close(unsigned char handle...
l.924 \lthtmlfigureZ
                    
I treat `x_1_2' essentially like `x_1{}_2'.

! Missing $ inserted.
<inserted text> 
                $
l.924 \lthtmlfigureZ
                    
I've inserted a begin-math/end-math symbol since I think
you left one out. Proceed, with fingers crossed.


:lstlisting5124:lthtmlCropMarkHeight:=31.59999pt

:lstlisting5124:lthtmlCropMarkDepth:=0.0pt:1ex:=4.71457pt
[84]
! Missing $ inserted.
<inserted text> 
                $
l.932 \lthtmlfigureZ
                    
I've inserted a begin-math/end-math symbol since I think
you left one out. Proceed, with fingers crossed.

! Double subscript.
<argument> ...}[language=C]^^Munsigned char esx_f_
                                                  closedir(unsigned char han...
l.932 \lthtmlfigureZ
                    
I treat `x_1_2' essentially like `x_1{}_2'.

! Missing $ inserted.
<inserted text> 
                $
l.932 \lthtmlfigureZ
                    
I've inserted a begin-math/end-math symbol since I think
you left one out. Proceed, with fingers crossed.


:lstlisting5127:lthtmlCropMarkHeight:=31.59999pt

:lstlisting5127:lthtmlCropMarkDepth:=0.0pt:1ex:=4.71457pt
[85]
! Missing $ inserted.
<inserted text> 
                $
l.940 \lthtmlfigureZ
                    
I've inserted a begin-math/end-math symbol since I think
you left one out. Proceed, with fingers crossed.

! Double subscript.
<argument> ...sting}[language=C]^^Muint32_t esx_f_
                                                  fgetpos(unsigned char hand...
l.940 \lthtmlfigureZ
                    
I treat `x_1_2' essentially like `x_1{}_2'.

! Missing $ inserted.
<inserted text> 
                $
l.940 \lthtmlfigureZ
                    
I've inserted a begin-math/end-math symbol since I think
you left one out. Proceed, with fingers crossed.


:lstlisting5130:lthtmlCropMarkHeight:=31.59999pt

:lstlisting5130:lthtmlCropMarkDepth:=0.0pt:1ex:=4.71457pt
[86]
! Missing $ inserted.
<inserted text> 
                $
l.948 \lthtmlfigureZ
                    
I've inserted a begin-math/end-math symbol since I think
you left one out. Proceed, with fingers crossed.

! Double subscript.
<argument> ...}[language=C]^^Munsigned char esx_f_
                                                  fstat(unsigned char handle...
l.948 \lthtmlfigureZ
                    
I treat `x_1_2' essentially like `x_1{}_2'.

! Missing $ inserted.
<inserted text> 
                $
l.948 \lthtmlfigureZ
                    
I've inserted a begin-math/end-math symbol since I think
you left one out. Proceed, with fingers crossed.


:lstlisting5133:lthtmlCropMarkHeight:=31.59999pt

:lstlisting5133:lthtmlCropMarkDepth:=0.0pt:1ex:=4.71457pt
[87]
! Missing $ inserted.
<inserted text> 
                $
l.956 \lthtmlfigureZ
                    
I've inserted a begin-math/end-math symbol since I think
you left one out. Proceed, with fingers crossed.

! Double subscript.
<argument> ...}[language=C]^^Munsigned char esx_f_
                                                  ftrunc(unsigned char handl...
l.956 \lthtmlfigureZ
                    
I treat `x_1_2' essentially like `x_1{}_2'.

! Missing $ inserted.
<inserted text> 
                $
l.956 \lthtmlfigureZ
                    
I've inserted a begin-math/end-math symbol since I think
you left one out. Proceed, with fingers crossed.


:lstlisting5136:lthtmlCropMarkHeight:=31.59999pt

:lstlisting5136:lthtmlCropMarkDepth:=0.0pt:1ex:=4.71457pt
[88]
! Missing $ inserted.
<inserted text> 
                $
l.964 \lthtmlfigureZ
                    
I've inserted a begin-math/end-math symbol since I think
you left one out. Proceed, with fingers crossed.

! Double subscript.
<argument> ...}[language=C]^^Munsigned char esx_f_
                                                  get_canonical_path(char *p...
l.964 \lthtmlfigureZ
                    
I treat `x_1_2' essentially like `x_1{}_2'.

! Missing $ inserted.
<inserted text> 
                $
l.964 \lthtmlfigureZ
                    
I've inserted a begin-math/end-math symbol since I think
you left one out. Proceed, with fingers crossed.


:lstlisting5139:lthtmlCropMarkHeight:=31.59999pt

:lstlisting5139:lthtmlCropMarkDepth:=0.0pt:1ex:=4.71457pt
[89]
! Missing $ inserted.
<inserted text> 
                $
l.972 \lthtmlfigureZ
                    
I've inserted a begin-math/end-math symbol since I think
you left one out. Proceed, with fingers crossed.

! Double subscript.
<argument> ...}[language=C]^^Munsigned char esx_f_
                                                  getcwd(unsigned char *buf)...
l.972 \lthtmlfigureZ
                    
I treat `x_1_2' essentially like `x_1{}_2'.

! Missing $ inserted.
<inserted text> 
                $
l.972 \lthtmlfigureZ
                    
I've inserted a begin-math/end-math symbol since I think
you left one out. Proceed, with fingers crossed.


:lstlisting5142:lthtmlCropMarkHeight:=31.59999pt

:lstlisting5142:lthtmlCropMarkDepth:=0.0pt:1ex:=4.71457pt
[90]
! Missing $ inserted.
<inserted text> 
                $
l.980 \lthtmlfigureZ
                    
I've inserted a begin-math/end-math symbol since I think
you left one out. Proceed, with fingers crossed.

! Double subscript.
<argument> ...}[language=C]^^Munsigned char esx_f_
                                                  getcwd_drive(unsigned char...
l.980 \lthtmlfigureZ
                    
I treat `x_1_2' essentially like `x_1{}_2'.

! Missing $ inserted.
<inserted text> 
                $
l.980 \lthtmlfigureZ
                    
I've inserted a begin-math/end-math symbol since I think
you left one out. Proceed, with fingers crossed.


:lstlisting5145:lthtmlCropMarkHeight:=31.59999pt

:lstlisting5145:lthtmlCropMarkDepth:=0.0pt:1ex:=4.71457pt
[91]
! Missing $ inserted.
<inserted text> 
                $
l.988 \lthtmlfigureZ
                    
I've inserted a begin-math/end-math symbol since I think
you left one out. Proceed, with fingers crossed.

! Double subscript.
<argument> ...sting}[language=C]^^Muint32_t esx_f_
                                                  getfree(void)^^M\end {lstl...
l.988 \lthtmlfigureZ
                    
I treat `x_1_2' essentially like `x_1{}_2'.

! Missing $ inserted.
<inserted text> 
                $
l.988 \lthtmlfigureZ
                    
I've inserted a begin-math/end-math symbol since I think
you left one out. Proceed, with fingers crossed.


:lstlisting5148:lthtmlCropMarkHeight:=31.59999pt

:lstlisting5148:lthtmlCropMarkDepth:=0.0pt:1ex:=4.71457pt
[92]
! Missing $ inserted.
<inserted text> 
                $
l.996 \lthtmlfigureZ
                    
I've inserted a begin-math/end-math symbol since I think
you left one out. Proceed, with fingers crossed.

! Double subscript.
<argument> ...}[language=C]^^Munsigned char esx_f_
                                                  mkdir(unsigned char *pathn...
l.996 \lthtmlfigureZ
                    
I treat `x_1_2' essentially like `x_1{}_2'.

! Missing $ inserted.
<inserted text> 
                $
l.996 \lthtmlfigureZ
                    
I've inserted a begin-math/end-math symbol since I think
you left one out. Proceed, with fingers crossed.


:lstlisting5151:lthtmlCropMarkHeight:=31.59999pt

:lstlisting5151:lthtmlCropMarkDepth:=0.0pt:1ex:=4.71457pt
[93]
! Missing $ inserted.
<inserted text> 
                $
l.1004 \lthtmlfigureZ
                     
I've inserted a begin-math/end-math symbol since I think
you left one out. Proceed, with fingers crossed.

! Double subscript.
<argument> ...}[language=C]^^Munsigned char esx_f_
                                                  open(unsigned char *filena...
l.1004 \lthtmlfigureZ
                     
I treat `x_1_2' essentially like `x_1{}_2'.

! Missing $ inserted.
<inserted text> 
                $
l.1004 \lthtmlfigureZ
                     
I've inserted a begin-math/end-math symbol since I think
you left one out. Proceed, with fingers crossed.


:lstlisting5154:lthtmlCropMarkHeight:=31.59999pt

:lstlisting5154:lthtmlCropMarkDepth:=0.0pt:1ex:=4.71457pt
[94]
! Missing $ inserted.
<inserted text> 
                $
l.1013 \lthtmlfigureZ
                     
I've inserted a begin-math/end-math symbol since I think
you left one out. Proceed, with fingers crossed.

! Double subscript.
<argument> ...}[language=C]^^Munsigned char esx_f_
                                                  opendir(unsigned char *dir...
l.1013 \lthtmlfigureZ
                     
I treat `x_1_2' essentially like `x_1{}_2'.

! Double subscript.
<argument> ...har *dirname)^^Munsigned char esx_f_
                                                  opendir_ex(unsigned char *...
l.1013 \lthtmlfigureZ
                     
I treat `x_1_2' essentially like `x_1{}_2'.

! Missing $ inserted.
<inserted text> 
                $
l.1013 \lthtmlfigureZ
                     
I've inserted a begin-math/end-math symbol since I think
you left one out. Proceed, with fingers crossed.


Overfull \hbox (110.05608pt too wide) in paragraph at lines 1013--1013
[][]\OT1/cmr/m/n/10.95 unsigned char esx$[][]\OML/cmm/m/it/10.95 pendir\OT1/cmr
/m/n/10.95 (\OML/cmm/m/it/10.95 unsignedchar \OMS/cmsy/m/n/10.95 ^^C \OML/cmm/m
/it/10.95 dirname\OT1/cmr/m/n/10.95 )\OML/cmm/m/it/10.95 unsignedcharesx[][]pen
dir[]x\OT1/cmr/m/n/10.95 (\OML/cmm/m/it/10.95 unsignedchar \OMS/cmsy/m/n/10.95 
^^C
 []


:lstlisting5157:lthtmlCropMarkHeight:=43.85745pt

:lstlisting5157:lthtmlCropMarkDepth:=0.0pt:1ex:=4.71457pt
[95]
! Missing $ inserted.
<inserted text> 
                $
l.1021 \lthtmlfigureZ
                     
I've inserted a begin-math/end-math symbol since I think
you left one out. Proceed, with fingers crossed.

! Double subscript.
<argument> ...}[language=C]^^Munsigned char esx_f_
                                                  open_p3(unsigned char *fil...
l.1021 \lthtmlfigureZ
                     
I treat `x_1_2' essentially like `x_1{}_2'.

! Missing $ inserted.
<inserted text> 
                $
l.1021 \lthtmlfigureZ
                     
I've inserted a begin-math/end-math symbol since I think
you left one out. Proceed, with fingers crossed.


Overfull \hbox (73.41599pt too wide) in paragraph at lines 1021--1021
[][]\OT1/cmr/m/n/10.95 unsigned char esx$[][]\OML/cmm/m/it/10.95 pen[]\OT1/cmr/
m/n/10.95 3(\OML/cmm/m/it/10.95 unsignedchar \OMS/cmsy/m/n/10.95 ^^C \OML/cmm/m
/it/10.95 filename; unsignedcharmode; structesx[]\OT1/cmr/m/n/10.95 3[]\OML/cmm
/m/it/10.95 dr \OMS/cmsy/m/n/10.95 ^^C
 []


:lstlisting5160:lthtmlCropMarkHeight:=43.85745pt

:lstlisting5160:lthtmlCropMarkDepth:=0.0pt:1ex:=4.71457pt
[96]
! Missing $ inserted.
<inserted text> 
                $
l.1029 \lthtmlfigureZ
                     
I've inserted a begin-math/end-math symbol since I think
you left one out. Proceed, with fingers crossed.

! Double subscript.
<argument> ...sting}[language=C]^^Muint16_t esx_f_
                                                  read(unsigned char handle,...
l.1029 \lthtmlfigureZ
                     
I treat `x_1_2' essentially like `x_1{}_2'.

! Missing $ inserted.
<inserted text> 
                $
l.1029 \lthtmlfigureZ
                     
I've inserted a begin-math/end-math symbol since I think
you left one out. Proceed, with fingers crossed.


:lstlisting5163:lthtmlCropMarkHeight:=31.59999pt

:lstlisting5163:lthtmlCropMarkDepth:=0.0pt:1ex:=4.71457pt
[97]
! Missing $ inserted.
<inserted text> 
                $
l.1037 \lthtmlfigureZ
                     
I've inserted a begin-math/end-math symbol since I think
you left one out. Proceed, with fingers crossed.

! Double subscript.
<argument> ...}[language=C]^^Munsigned char esx_f_
                                                  readdir(unsigned char hand...
l.1037 \lthtmlfigureZ
                     
I treat `x_1_2' essentially like `x_1{}_2'.

! Missing $ inserted.
<inserted text> 
                $
l.1037 \lthtmlfigureZ
                     
I've inserted a begin-math/end-math symbol since I think
you left one out. Proceed, with fingers crossed.


:lstlisting5166:lthtmlCropMarkHeight:=31.59999pt

:lstlisting5166:lthtmlCropMarkDepth:=0.0pt:1ex:=4.71457pt
[98]
! Missing $ inserted.
<inserted text> 
                $
l.1045 \lthtmlfigureZ
                     
I've inserted a begin-math/end-math symbol since I think
you left one out. Proceed, with fingers crossed.

! Double subscript.
<argument> ...}[language=C]^^Munsigned char esx_f_
                                                  rename(unsigned char *old,...
l.1045 \lthtmlfigureZ
                     
I treat `x_1_2' essentially like `x_1{}_2'.

! Missing $ inserted.
<inserted text> 
                $
l.1045 \lthtmlfigureZ
                     
I've inserted a begin-math/end-math symbol since I think
you left one out. Proceed, with fingers crossed.


:lstlisting5169:lthtmlCropMarkHeight:=31.59999pt

:lstlisting5169:lthtmlCropMarkDepth:=0.0pt:1ex:=4.71457pt
[99]
! Missing $ inserted.
<inserted text> 
                $
l.1053 \lthtmlfigureZ
                     
I've inserted a begin-math/end-math symbol since I think
you left one out. Proceed, with fingers crossed.

! Double subscript.
<argument> ...}[language=C]^^Munsigned char esx_f_
                                                  rewinddir(unsigned char ha...
l.1053 \lthtmlfigureZ
                     
I treat `x_1_2' essentially like `x_1{}_2'.

! Missing $ inserted.
<inserted text> 
                $
l.1053 \lthtmlfigureZ
                     
I've inserted a begin-math/end-math symbol since I think
you left one out. Proceed, with fingers crossed.


:lstlisting5172:lthtmlCropMarkHeight:=31.59999pt

:lstlisting5172:lthtmlCropMarkDepth:=0.0pt:1ex:=4.71457pt
[100]
! Missing $ inserted.
<inserted text> 
                $
l.1061 \lthtmlfigureZ
                     
I've inserted a begin-math/end-math symbol since I think
you left one out. Proceed, with fingers crossed.

! Double subscript.
<argument> ...}[language=C]^^Munsigned char esx_f_
                                                  rmdir(unsigned char *pathn...
l.1061 \lthtmlfigureZ
                     
I treat `x_1_2' essentially like `x_1{}_2'.

! Missing $ inserted.
<inserted text> 
                $
l.1061 \lthtmlfigureZ
                     
I've inserted a begin-math/end-math symbol since I think
you left one out. Proceed, with fingers crossed.


:lstlisting5175:lthtmlCropMarkHeight:=31.59999pt

:lstlisting5175:lthtmlCropMarkDepth:=0.0pt:1ex:=4.71457pt
[101]
! Missing $ inserted.
<inserted text> 
                $
l.1070 \lthtmlfigureZ
                     
I've inserted a begin-math/end-math symbol since I think
you left one out. Proceed, with fingers crossed.

! Double subscript.
<argument> ...sting}[language=C]^^Muint32_t esx_f_
                                                  seek(unsigned char handle,...
l.1070 \lthtmlfigureZ
                     
I treat `x_1_2' essentially like `x_1{}_2'.

! Missing $ inserted.
<inserted text> 
                $
l.1070 \lthtmlfigureZ
                     
I've inserted a begin-math/end-math symbol since I think
you left one out. Proceed, with fingers crossed.


Overfull \hbox (23.93001pt too wide) in paragraph at lines 1070--1070
[][]\OT1/cmr/m/n/10.95 uint32$[]\OML/cmm/m/it/10.95 esx[][]eek\OT1/cmr/m/n/10.9
5 (\OML/cmm/m/it/10.95 unsignedcharhandle; uint\OT1/cmr/m/n/10.95 32[]\OML/cmm/
m/it/10.95 distance; unsignedcharwhence\OT1/cmr/m/n/10.95 )$ 
 []


:lstlisting5178:lthtmlCropMarkHeight:=31.59999pt

:lstlisting5178:lthtmlCropMarkDepth:=0.0pt:1ex:=4.71457pt
[102]
! Missing $ inserted.
<inserted text> 
                $
l.1078 \lthtmlfigureZ
                     
I've inserted a begin-math/end-math symbol since I think
you left one out. Proceed, with fingers crossed.

! Double subscript.
<argument> ...}[language=C]^^Munsigned char esx_f_
                                                  seekdir(unsigned char hand...
l.1078 \lthtmlfigureZ
                     
I treat `x_1_2' essentially like `x_1{}_2'.

! Missing $ inserted.
<inserted text> 
                $
l.1078 \lthtmlfigureZ
                     
I've inserted a begin-math/end-math symbol since I think
you left one out. Proceed, with fingers crossed.


:lstlisting5181:lthtmlCropMarkHeight:=31.59999pt

:lstlisting5181:lthtmlCropMarkDepth:=0.0pt:1ex:=4.71457pt
[103]
! Missing $ inserted.
<inserted text> 
                $
l.1086 \lthtmlfigureZ
                     
I've inserted a begin-math/end-math symbol since I think
you left one out. Proceed, with fingers crossed.

! Double subscript.
<argument> ...}[language=C]^^Munsigned char esx_f_
                                                  sync(unsigned char handle)...
l.1086 \lthtmlfigureZ
                     
I treat `x_1_2' essentially like `x_1{}_2'.

! Missing $ inserted.
<inserted text> 
                $
l.1086 \lthtmlfigureZ
                     
I've inserted a begin-math/end-math symbol since I think
you left one out. Proceed, with fingers crossed.


:lstlisting5185:lthtmlCropMarkHeight:=31.59999pt

:lstlisting5185:lthtmlCropMarkDepth:=0.0pt:1ex:=4.71457pt
[104]
! Missing $ inserted.
<inserted text> 
                $
l.1094 \lthtmlfigureZ
                     
I've inserted a begin-math/end-math symbol since I think
you left one out. Proceed, with fingers crossed.

! Double subscript.
<argument> ...sting}[language=C]^^Muint32_t esx_f_
                                                  telldir(unsigned char hand...
l.1094 \lthtmlfigureZ
                     
I treat `x_1_2' essentially like `x_1{}_2'.

! Missing $ inserted.
<inserted text> 
                $
l.1094 \lthtmlfigureZ
                     
I've inserted a begin-math/end-math symbol since I think
you left one out. Proceed, with fingers crossed.


:lstlisting5188:lthtmlCropMarkHeight:=31.59999pt

:lstlisting5188:lthtmlCropMarkDepth:=0.0pt:1ex:=4.71457pt
[105]
! Missing $ inserted.
<inserted text> 
                $
l.1103 \lthtmlfigureZ
                     
I've inserted a begin-math/end-math symbol since I think
you left one out. Proceed, with fingers crossed.

! Double subscript.
<argument> ...}[language=C]^^Munsigned char esx_f_
                                                  trunc(unsigned char *filen...
l.1103 \lthtmlfigureZ
                     
I treat `x_1_2' essentially like `x_1{}_2'.

! Missing $ inserted.
<inserted text> 
                $
l.1103 \lthtmlfigureZ
                     
I've inserted a begin-math/end-math symbol since I think
you left one out. Proceed, with fingers crossed.


:lstlisting5191:lthtmlCropMarkHeight:=31.59999pt

:lstlisting5191:lthtmlCropMarkDepth:=0.0pt:1ex:=4.71457pt
[106]
! Missing $ inserted.
<inserted text> 
                $
l.1111 \lthtmlfigureZ
                     
I've inserted a begin-math/end-math symbol since I think
you left one out. Proceed, with fingers crossed.

! Double subscript.
<argument> ...}[language=C]^^Munsigned char esx_f_
                                                  unlink(unsigned char *file...
l.1111 \lthtmlfigureZ
                     
I treat `x_1_2' essentially like `x_1{}_2'.

! Missing $ inserted.
<inserted text> 
                $
l.1111 \lthtmlfigureZ
                     
I've inserted a begin-math/end-math symbol since I think
you left one out. Proceed, with fingers crossed.


:lstlisting5194:lthtmlCropMarkHeight:=31.59999pt

:lstlisting5194:lthtmlCropMarkDepth:=0.0pt:1ex:=4.71457pt
[107]
! Missing $ inserted.
<inserted text> 
                $
l.1119 \lthtmlfigureZ
                     
I've inserted a begin-math/end-math symbol since I think
you left one out. Proceed, with fingers crossed.

! Double subscript.
<argument> ...sting}[language=C]^^Muint16_t esx_f_
                                                  write(unsigned char handle...
l.1119 \lthtmlfigureZ
                     
I treat `x_1_2' essentially like `x_1{}_2'.

! Missing $ inserted.
<inserted text> 
                $
l.1119 \lthtmlfigureZ
                     
I've inserted a begin-math/end-math symbol since I think
you left one out. Proceed, with fingers crossed.


:lstlisting5197:lthtmlCropMarkHeight:=31.59999pt

:lstlisting5197:lthtmlCropMarkDepth:=0.0pt:1ex:=4.71457pt
[108]
! Missing $ inserted.
<inserted text> 
                $
l.1127 \lthtmlfigureZ
                     
I've inserted a begin-math/end-math symbol since I think
you left one out. Proceed, with fingers crossed.

! Missing $ inserted.
<inserted text> 
                $
l.1127 \lthtmlfigureZ
                     
I've inserted a begin-math/end-math symbol since I think
you left one out. Proceed, with fingers crossed.


:lstlisting5200:lthtmlCropMarkHeight:=31.59999pt

:lstlisting5200:lthtmlCropMarkDepth:=0.0pt:1ex:=4.71457pt
[109]
! Missing $ inserted.
<inserted text> 
                $
l.1135 \lthtmlfigureZ
                     
I've inserted a begin-math/end-math symbol since I think
you left one out. Proceed, with fingers crossed.

! Missing $ inserted.
<inserted text> 
                $
l.1135 \lthtmlfigureZ
                     
I've inserted a begin-math/end-math symbol since I think
you left one out. Proceed, with fingers crossed.


:lstlisting5203:lthtmlCropMarkHeight:=31.59999pt

:lstlisting5203:lthtmlCropMarkDepth:=0.0pt:1ex:=4.71457pt
[110]
! Missing $ inserted.
<inserted text> 
                $
l.1143 \lthtmlfigureZ
                     
I've inserted a begin-math/end-math symbol since I think
you left one out. Proceed, with fingers crossed.

! Missing $ inserted.
<inserted text> 
                $
l.1143 \lthtmlfigureZ
                     
I've inserted a begin-math/end-math symbol since I think
you left one out. Proceed, with fingers crossed.


Overfull \hbox (3.02168pt too wide) in paragraph at lines 1143--1143
[][]\OT1/cmr/m/n/10.95 unsigned char esx$[]\OML/cmm/m/it/10.95 de[]ank[]ree\OT1
/cmr/m/n/10.95 (\OML/cmm/m/it/10.95 unsignedcharbanktype; unsignedcharpage\OT1/
cmr/m/n/10.95 )$ 
 []


:lstlisting5206:lthtmlCropMarkHeight:=31.59999pt

:lstlisting5206:lthtmlCropMarkDepth:=0.0pt:1ex:=4.71457pt
[111]
! Missing $ inserted.
<inserted text> 
                $
l.1151 \lthtmlfigureZ
                     
I've inserted a begin-math/end-math symbol since I think
you left one out. Proceed, with fingers crossed.

! Missing $ inserted.
<inserted text> 
                $
l.1151 \lthtmlfigureZ
                     
I've inserted a begin-math/end-math symbol since I think
you left one out. Proceed, with fingers crossed.


Overfull \hbox (18.06017pt too wide) in paragraph at lines 1151--1151
[][]\OT1/cmr/m/n/10.95 unsigned char esx$[]\OML/cmm/m/it/10.95 de[]ank[]eserve\
OT1/cmr/m/n/10.95 (\OML/cmm/m/it/10.95 unsignedcharbanktype; unsignedcharpage\O
T1/cmr/m/n/10.95 )$ 
 []


:lstlisting5209:lthtmlCropMarkHeight:=31.59999pt

:lstlisting5209:lthtmlCropMarkDepth:=0.0pt:1ex:=4.71457pt
[112]
! Missing $ inserted.
<inserted text> 
                $
l.1159 \lthtmlfigureZ
                     
I've inserted a begin-math/end-math symbol since I think
you left one out. Proceed, with fingers crossed.

! Missing $ inserted.
<inserted text> 
                $
l.1159 \lthtmlfigureZ
                     
I've inserted a begin-math/end-math symbol since I think
you left one out. Proceed, with fingers crossed.


:lstlisting5212:lthtmlCropMarkHeight:=31.59999pt

:lstlisting5212:lthtmlCropMarkDepth:=0.0pt:1ex:=4.71457pt
[113]
! Missing $ inserted.
<inserted text> 
                $
l.1167 \lthtmlfigureZ
                     
I've inserted a begin-math/end-math symbol since I think
you left one out. Proceed, with fingers crossed.

! Missing $ inserted.
<inserted text> 
                $
l.1167 \lthtmlfigureZ
                     
I've inserted a begin-math/end-math symbol since I think
you left one out. Proceed, with fingers crossed.


:lstlisting5215:lthtmlCropMarkHeight:=43.85745pt

:lstlisting5215:lthtmlCropMarkDepth:=0.0pt:1ex:=4.71457pt
[114]
! Missing $ inserted.
<inserted text> 
                $
l.1175 \lthtmlfigureZ
                     
I've inserted a begin-math/end-math symbol since I think
you left one out. Proceed, with fingers crossed.

! Missing $ inserted.
<inserted text> 
                $
l.1175 \lthtmlfigureZ
                     
I've inserted a begin-math/end-math symbol since I think
you left one out. Proceed, with fingers crossed.


:lstlisting5218:lthtmlCropMarkHeight:=31.59999pt

:lstlisting5218:lthtmlCropMarkDepth:=0.0pt:1ex:=4.71457pt
[115]
! Missing $ inserted.
<inserted text> 
                $
l.1183 \lthtmlfigureZ
                     
I've inserted a begin-math/end-math symbol since I think
you left one out. Proceed, with fingers crossed.

! Missing $ inserted.
<inserted text> 
                $
l.1183 \lthtmlfigureZ
                     
I've inserted a begin-math/end-math symbol since I think
you left one out. Proceed, with fingers crossed.


:lstlisting5221:lthtmlCropMarkHeight:=31.59999pt

:lstlisting5221:lthtmlCropMarkDepth:=0.0pt:1ex:=4.71457pt
[116]
! Missing $ inserted.
<inserted text> 
                $
l.1191 \lthtmlfigureZ
                     
I've inserted a begin-math/end-math symbol since I think
you left one out. Proceed, with fingers crossed.

! Missing $ inserted.
<inserted text> 
                $
l.1191 \lthtmlfigureZ
                     
I've inserted a begin-math/end-math symbol since I think
you left one out. Proceed, with fingers crossed.


:lstlisting5224:lthtmlCropMarkHeight:=31.59999pt

:lstlisting5224:lthtmlCropMarkDepth:=0.0pt:1ex:=4.71457pt
[117]
! Missing $ inserted.
<inserted text> 
                $
l.1199 \lthtmlfigureZ
                     
I've inserted a begin-math/end-math symbol since I think
you left one out. Proceed, with fingers crossed.

! Double subscript.
<argument> ...}[language=C]^^Munsigned char esx_m_
                                                  drvapi(struct esx_drvapi *...
l.1199 \lthtmlfigureZ
                     
I treat `x_1_2' essentially like `x_1{}_2'.

! Missing $ inserted.
<inserted text> 
                $
l.1199 \lthtmlfigureZ
                     
I've inserted a begin-math/end-math symbol since I think
you left one out. Proceed, with fingers crossed.


:lstlisting5228:lthtmlCropMarkHeight:=31.59999pt

:lstlisting5228:lthtmlCropMarkDepth:=0.0pt:1ex:=4.71457pt
[118]
! Missing $ inserted.
<inserted text> 
                $
l.1207 \lthtmlfigureZ
                     
I've inserted a begin-math/end-math symbol since I think
you left one out. Proceed, with fingers crossed.

! Double subscript.
<argument> ...stlisting}[language=C]^^Mvoid esx_m_
                                                  errh(void (*handler)(uint8...
l.1207 \lthtmlfigureZ
                     
I treat `x_1_2' essentially like `x_1{}_2'.

! Missing $ inserted.
<inserted text> 
                $
l.1207 \lthtmlfigureZ
                     
I've inserted a begin-math/end-math symbol since I think
you left one out. Proceed, with fingers crossed.


:lstlisting5231:lthtmlCropMarkHeight:=31.59999pt

:lstlisting5231:lthtmlCropMarkDepth:=0.0pt:1ex:=4.71457pt
[119]
! Missing $ inserted.
<inserted text> 
                $
l.1215 \lthtmlfigureZ
                     
I've inserted a begin-math/end-math symbol since I think
you left one out. Proceed, with fingers crossed.

! Double subscript.
<argument> ...sting}[language=C]^^Muint16_t esx_m_
                                                  execcmd(unsigned char *cmd...
l.1215 \lthtmlfigureZ
                     
I treat `x_1_2' essentially like `x_1{}_2'.

! Missing $ inserted.
<inserted text> 
                $
l.1215 \lthtmlfigureZ
                     
I've inserted a begin-math/end-math symbol since I think
you left one out. Proceed, with fingers crossed.


:lstlisting5234:lthtmlCropMarkHeight:=31.59999pt

:lstlisting5234:lthtmlCropMarkDepth:=0.0pt:1ex:=4.71457pt
[120]
! Missing $ inserted.
<inserted text> 
                $
l.1223 \lthtmlfigureZ
                     
I've inserted a begin-math/end-math symbol since I think
you left one out. Proceed, with fingers crossed.

! Double subscript.
<argument> ...}[language=C]^^Munsigned char esx_m_
                                                  getdate(struct dos_tm *)^^...
l.1223 \lthtmlfigureZ
                     
I treat `x_1_2' essentially like `x_1{}_2'.

! Missing $ inserted.
<inserted text> 
                $
l.1223 \lthtmlfigureZ
                     
I've inserted a begin-math/end-math symbol since I think
you left one out. Proceed, with fingers crossed.


:lstlisting5237:lthtmlCropMarkHeight:=31.59999pt

:lstlisting5237:lthtmlCropMarkDepth:=0.0pt:1ex:=4.71457pt
[121]
! Missing $ inserted.
<inserted text> 
                $
l.1231 \lthtmlfigureZ
                     
I've inserted a begin-math/end-math symbol since I think
you left one out. Proceed, with fingers crossed.

! Double subscript.
<argument> ...stlisting}[language=C]^^Mvoid esx_m_
                                                  geterr(uint16_t error,unsi...
l.1231 \lthtmlfigureZ
                     
I treat `x_1_2' essentially like `x_1{}_2'.

! Missing $ inserted.
<inserted text> 
                $
l.1231 \lthtmlfigureZ
                     
I've inserted a begin-math/end-math symbol since I think
you left one out. Proceed, with fingers crossed.


:lstlisting5240:lthtmlCropMarkHeight:=31.59999pt

:lstlisting5240:lthtmlCropMarkDepth:=0.0pt:1ex:=4.71457pt
[122]
! Missing $ inserted.
<inserted text> 
                $
l.1239 \lthtmlfigureZ
                     
I've inserted a begin-math/end-math symbol since I think
you left one out. Proceed, with fingers crossed.

! Double subscript.
<argument> ...}[language=C]^^Munsigned char esx_m_
                                                  gethandle(void)^^M\end {ls...
l.1239 \lthtmlfigureZ
                     
I treat `x_1_2' essentially like `x_1{}_2'.

! Missing $ inserted.
<inserted text> 
                $
l.1239 \lthtmlfigureZ
                     
I've inserted a begin-math/end-math symbol since I think
you left one out. Proceed, with fingers crossed.


:lstlisting5243:lthtmlCropMarkHeight:=31.59999pt

:lstlisting5243:lthtmlCropMarkDepth:=0.0pt:1ex:=4.71457pt
[123]
! Missing $ inserted.
<inserted text> 
                $
l.1248 \lthtmlfigureZ
                     
I've inserted a begin-math/end-math symbol since I think
you left one out. Proceed, with fingers crossed.

! Double subscript.
<argument> ...}[language=C]^^Munsigned char esx_m_
                                                  getdrv(void)^^Munsigned ch...
l.1248 \lthtmlfigureZ
                     
I treat `x_1_2' essentially like `x_1{}_2'.

! Double subscript.
<argument> ..._getdrv(void)^^Munsigned char esx_m_
                                                  setdrv(unsigned char drive...
l.1248 \lthtmlfigureZ
                     
I treat `x_1_2' essentially like `x_1{}_2'.

! Missing $ inserted.
<inserted text> 
                $
l.1248 \lthtmlfigureZ
                     
I've inserted a begin-math/end-math symbol since I think
you left one out. Proceed, with fingers crossed.


Overfull \hbox (23.11418pt too wide) in paragraph at lines 1248--1248
[][]\OT1/cmr/m/n/10.95 unsigned char esx$[][]\OML/cmm/m/it/10.95 etdrv\OT1/cmr/
m/n/10.95 (\OML/cmm/m/it/10.95 void\OT1/cmr/m/n/10.95 )\OML/cmm/m/it/10.95 unsi
gnedcharesx[][]etdrv\OT1/cmr/m/n/10.95 (\OML/cmm/m/it/10.95 unsignedchardrive\O
T1/cmr/m/n/10.95 )$ 
 []


:lstlisting5246:lthtmlCropMarkHeight:=31.59999pt

:lstlisting5246:lthtmlCropMarkDepth:=0.0pt:1ex:=4.71457pt
[124]
! Missing $ inserted.
<inserted text> 
                $
l.1256 \lthtmlfigureZ
                     
I've inserted a begin-math/end-math symbol since I think
you left one out. Proceed, with fingers crossed.

! Double subscript.
<argument> ...}[language=C]^^Munsigned char esx_m_
                                                  setcaps(unsigned char caps...
l.1256 \lthtmlfigureZ
                     
I treat `x_1_2' essentially like `x_1{}_2'.

! Missing $ inserted.
<inserted text> 
                $
l.1256 \lthtmlfigureZ
                     
I've inserted a begin-math/end-math symbol since I think
you left one out. Proceed, with fingers crossed.


:lstlisting5249:lthtmlCropMarkHeight:=31.59999pt

:lstlisting5249:lthtmlCropMarkDepth:=0.0pt:1ex:=4.71457pt
[125]
! Missing $ inserted.
<inserted text> 
                $
l.1270 \lthtmlfigureZ
                     
I've inserted a begin-math/end-math symbol since I think
you left one out. Proceed, with fingers crossed.

! Double subscript.
<argument> ...}[language=C]^^Munsigned char esx_m_
                                                  tapein_close(void)^^Munsig...
l.1270 \lthtmlfigureZ
                     
I treat `x_1_2' essentially like `x_1{}_2'.

! Double subscript.
<argument> ...n_close(void)^^Munsigned char esx_m_
                                                  tapein_flags(uint8_t flags...
l.1270 \lthtmlfigureZ
                     
I treat `x_1_2' essentially like `x_1{}_2'.

! Double subscript.
<argument> ...ags(uint8_t flags)^^Muint16_t esx_m_
                                                  tapein_getpos(void)^^Munsi...
l.1270 \lthtmlfigureZ
                     
I treat `x_1_2' essentially like `x_1{}_2'.

! Double subscript.
<argument> ..._getpos(void)^^Munsigned char esx_m_
                                                  tapein_info(uint8_t *drive...
l.1270 \lthtmlfigureZ
                     
I treat `x_1_2' essentially like `x_1{}_2'.

! Double subscript.
<argument> ...ar *filename)^^Munsigned char esx_m_
                                                  tapein_open(unsigned char ...
l.1270 \lthtmlfigureZ
                     
I treat `x_1_2' essentially like `x_1{}_2'.

! Double subscript.
<argument> ...ar *filename)^^Munsigned char esx_m_
                                                  tapein_setpos(uint16_t blo...
l.1270 \lthtmlfigureZ
                     
I treat `x_1_2' essentially like `x_1{}_2'.

! Double subscript.
<argument> ...nt16_t block)^^Munsigned char esx_m_
                                                  tapein_toggle_pause(void)^...
l.1270 \lthtmlfigureZ
                     
I treat `x_1_2' essentially like `x_1{}_2'.

! Missing $ inserted.
<inserted text> 
                $
l.1270 \lthtmlfigureZ
                     
I've inserted a begin-math/end-math symbol since I think
you left one out. Proceed, with fingers crossed.


Overfull \hbox (367.13646pt too wide) in paragraph at lines 1270--1270
[][]\OT1/cmr/m/n/10.95 unsigned char esx$[][]\OML/cmm/m/it/10.95 apein[]lose\OT
1/cmr/m/n/10.95 (\OML/cmm/m/it/10.95 void\OT1/cmr/m/n/10.95 )\OML/cmm/m/it/10.9
5 unsignedcharesx[][]apein[]lags\OT1/cmr/m/n/10.95 (\OML/cmm/m/it/10.95 uint\OT
1/cmr/m/n/10.95 8[]\OML/cmm/m/it/10.95 flags\OT1/cmr/m/n/10.95 )\OML/cmm/m/it/1
0.95 uint\OT1/cmr/m/n/10.95 16[]\OML/cmm/m/it/10.95 esx[][]apein[]etpos\OT1/cmr
/m/n/10.95 (\OML/cmm/m/it/10.95 void\OT1/cmr/m/n/10.95 )\OML/cmm/m/it/10.95 uns
ignedcharesx[][]apein[]nfo\OT1/cmr/m/n/10.95 (\OML/cmm/m/it/10.95 uint\OT1/cmr/
m/n/10.95 8[] \OMS/cmsy/m/n/10.95 ^^C
 []


Overfull \hbox (23.85992pt too wide) in paragraph at lines 1270--1270
\OML/cmm/m/it/10.95 drive; unsignedchar \OMS/cmsy/m/n/10.95 ^^C \OML/cmm/m/it/1
0.95 filename\OT1/cmr/m/n/10.95 )\OML/cmm/m/it/10.95 unsignedcharesx[][]apein[]
pen\OT1/cmr/m/n/10.95 (\OML/cmm/m/it/10.95 unsignedchar \OMS/cmsy/m/n/10.95 ^^C

 []


Overfull \hbox (126.55095pt too wide) in paragraph at lines 1270--1270
\OML/cmm/m/it/10.95 filename\OT1/cmr/m/n/10.95 )\OML/cmm/m/it/10.95 unsignedcha
resx[][]apein[]etpos\OT1/cmr/m/n/10.95 (\OML/cmm/m/it/10.95 uint\OT1/cmr/m/n/10
.95 16[]\OML/cmm/m/it/10.95 block\OT1/cmr/m/n/10.95 )\OML/cmm/m/it/10.95 unsign
edcharesx[][]apein[]oggle[]ause\OT1/cmr/m/n/10.95 (\OML/cmm/m/it/10.95 void\OT1
/cmr/m/n/10.95 )$ 
 []


:lstlisting5252:lthtmlCropMarkHeight:=57.91801pt

:lstlisting5252:lthtmlCropMarkDepth:=0.0pt:1ex:=4.71457pt
[126]
! Missing $ inserted.
<inserted text> 
                $
l.1281 \lthtmlfigureZ
                     
I've inserted a begin-math/end-math symbol since I think
you left one out. Proceed, with fingers crossed.

! Double subscript.
<argument> ...}[language=C]^^Munsigned char esx_m_
                                                  tapeout_close(void)^^Munsi...
l.1281 \lthtmlfigureZ
                     
I treat `x_1_2' essentially like `x_1{}_2'.

! Double subscript.
<argument> ...t_close(void)^^Munsigned char esx_m_
                                                  tapeout_info(uint8_t *driv...
l.1281 \lthtmlfigureZ
                     
I treat `x_1_2' essentially like `x_1{}_2'.

! Double subscript.
<argument> ...ar *filename)^^Munsigned char esx_m_
                                                  tapeout_open(unsigned char...
l.1281 \lthtmlfigureZ
                     
I treat `x_1_2' essentially like `x_1{}_2'.

! Double subscript.
<argument> ... *appendname)^^Munsigned char esx_m_
                                                  tapeout_trunc(unsigned cha...
l.1281 \lthtmlfigureZ
                     
I treat `x_1_2' essentially like `x_1{}_2'.

! Missing $ inserted.
<inserted text> 
                $
l.1281 \lthtmlfigureZ
                     
I've inserted a begin-math/end-math symbol since I think
you left one out. Proceed, with fingers crossed.


Overfull \hbox (16.96706pt too wide) in paragraph at lines 1281--1281
[][]\OT1/cmr/m/n/10.95 unsigned char esx$[][]\OML/cmm/m/it/10.95 apeout[]lose\O
T1/cmr/m/n/10.95 (\OML/cmm/m/it/10.95 void\OT1/cmr/m/n/10.95 )\OML/cmm/m/it/10.
95 unsignedcharesx[][]apeout[]nfo\OT1/cmr/m/n/10.95 (\OML/cmm/m/it/10.95 uint\O
T1/cmr/m/n/10.95 8[] \OMS/cmsy/m/n/10.95 ^^C
 []


Overfull \hbox (29.04523pt too wide) in paragraph at lines 1281--1281
\OML/cmm/m/it/10.95 drive; unsignedchar \OMS/cmsy/m/n/10.95 ^^C \OML/cmm/m/it/1
0.95 filename\OT1/cmr/m/n/10.95 )\OML/cmm/m/it/10.95 unsignedcharesx[][]apeout[
]pen\OT1/cmr/m/n/10.95 (\OML/cmm/m/it/10.95 unsignedchar \OMS/cmsy/m/n/10.95 ^^
C
 []


:lstlisting5255:lthtmlCropMarkHeight:=57.45746pt

:lstlisting5255:lthtmlCropMarkDepth:=0.0pt:1ex:=4.71457pt
[127]
! Missing $ inserted.
<inserted text> 
                $
l.1289 \lthtmlfigureZ
                     
I've inserted a begin-math/end-math symbol since I think
you left one out. Proceed, with fingers crossed.

! Missing $ inserted.
<inserted text> 
                $
l.1289 \lthtmlfigureZ
                     
I've inserted a begin-math/end-math symbol since I think
you left one out. Proceed, with fingers crossed.


:lstlisting5258:lthtmlCropMarkHeight:=31.59999pt

:lstlisting5258:lthtmlCropMarkDepth:=0.0pt:1ex:=4.71457pt
[128]
! Missing $ inserted.
<inserted text> 
                $
l.1297 \lthtmlfigureZ
                     
I've inserted a begin-math/end-math symbol since I think
you left one out. Proceed, with fingers crossed.

! Missing $ inserted.
<inserted text> 
                $
l.1297 \lthtmlfigureZ
                     
I've inserted a begin-math/end-math symbol since I think
you left one out. Proceed, with fingers crossed.


:lstlisting5261:lthtmlCropMarkHeight:=31.59999pt

:lstlisting5261:lthtmlCropMarkDepth:=0.0pt:1ex:=4.71457pt
[129]
! Missing $ inserted.
<inserted text> 
                $
l.1305 \lthtmlfigureZ
                     
I've inserted a begin-math/end-math symbol since I think
you left one out. Proceed, with fingers crossed.

! Missing $ inserted.
<inserted text> 
                $
l.1305 \lthtmlfigureZ
                     
I've inserted a begin-math/end-math symbol since I think
you left one out. Proceed, with fingers crossed.


:lstlisting5264:lthtmlCropMarkHeight:=31.59999pt

:lstlisting5264:lthtmlCropMarkDepth:=0.0pt:1ex:=4.71457pt
[130]
! Missing $ inserted.
<inserted text> 
                $
l.1313 \lthtmlfigureZ
                     
I've inserted a begin-math/end-math symbol since I think
you left one out. Proceed, with fingers crossed.

! Missing $ inserted.
<inserted text> 
                $
l.1313 \lthtmlfigureZ
                     
I've inserted a begin-math/end-math symbol since I think
you left one out. Proceed, with fingers crossed.


:lstlisting5267:lthtmlCropMarkHeight:=31.59999pt

:lstlisting5267:lthtmlCropMarkDepth:=0.0pt:1ex:=4.71457pt
[131]
! Missing $ inserted.
<inserted text> 
                $
l.1321 \lthtmlfigureZ
                     
I've inserted a begin-math/end-math symbol since I think
you left one out. Proceed, with fingers crossed.

! Missing $ inserted.
<inserted text> 
                $
l.1321 \lthtmlfigureZ
                     
I've inserted a begin-math/end-math symbol since I think
you left one out. Proceed, with fingers crossed.


:lstlisting5270:lthtmlCropMarkHeight:=31.59999pt

:lstlisting5270:lthtmlCropMarkDepth:=0.0pt:1ex:=4.71457pt
[132]
! Missing $ inserted.
<inserted text> 
                $
l.1329 \lthtmlfigureZ
                     
I've inserted a begin-math/end-math symbol since I think
you left one out. Proceed, with fingers crossed.

! Missing $ inserted.
<inserted text> 
                $
l.1329 \lthtmlfigureZ
                     
I've inserted a begin-math/end-math symbol since I think
you left one out. Proceed, with fingers crossed.


:lstlisting5273:lthtmlCropMarkHeight:=31.59999pt

:lstlisting5273:lthtmlCropMarkDepth:=0.0pt:1ex:=4.71457pt
[133]
! Missing $ inserted.
<inserted text> 
                $
l.1337 \lthtmlfigureZ
                     
I've inserted a begin-math/end-math symbol since I think
you left one out. Proceed, with fingers crossed.

! Missing $ inserted.
<inserted text> 
                $
l.1337 \lthtmlfigureZ
                     
I've inserted a begin-math/end-math symbol since I think
you left one out. Proceed, with fingers crossed.


:lstlisting5276:lthtmlCropMarkHeight:=31.59999pt

:lstlisting5276:lthtmlCropMarkDepth:=0.0pt:1ex:=4.71457pt
[134]
! Missing $ inserted.
<inserted text> 
                $
l.1345 \lthtmlfigureZ
                     
I've inserted a begin-math/end-math symbol since I think
you left one out. Proceed, with fingers crossed.

! Missing $ inserted.
<inserted text> 
                $
l.1345 \lthtmlfigureZ
                     
I've inserted a begin-math/end-math symbol since I think
you left one out. Proceed, with fingers crossed.


:lstlisting5279:lthtmlCropMarkHeight:=31.59999pt

:lstlisting5279:lthtmlCropMarkDepth:=0.0pt:1ex:=4.71457pt
[135]
! Missing $ inserted.
<inserted text> 
                $
l.1353 \lthtmlfigureZ
                     
I've inserted a begin-math/end-math symbol since I think
you left one out. Proceed, with fingers crossed.

! Missing $ inserted.
<inserted text> 
                $
l.1353 \lthtmlfigureZ
                     
I've inserted a begin-math/end-math symbol since I think
you left one out. Proceed, with fingers crossed.


:lstlisting5282:lthtmlCropMarkHeight:=31.59999pt

:lstlisting5282:lthtmlCropMarkDepth:=0.0pt:1ex:=4.71457pt
[136]
! Missing \endcsname inserted.
<to be read again> 
                   \let 
l.1364 \lthtmlfigureZ
                     
The control sequence marked <to be read again> should
not appear between \csname and \endcsname.

! Missing number, treated as zero.
<to be read again> 
                   \let 
l.1364 \lthtmlfigureZ
                     
A number should have been here; I inserted `0'.
(If you can't figure out why I needed to see a number,
look up `weird error' in the index to The TeXbook.)

! Illegal unit of measure (pt inserted).
<to be read again> 
                   \let 
l.1364 \lthtmlfigureZ
                     
Dimensions can be in units of em, ex, in, pt, pc,
cm, mm, dd, cc, nd, nc, bp, or sp; but yours is a new one!
I'll assume that you meant to say pt, for printer's points.
To recover gracefully from this error, it's best to
delete the erroneous units; e.g., type `2' to delete
two letters. (See Chapter 27 of The TeXbook.)

! You can't use `\advance' after \advance.
\lsthk@EveryPar ->\global \advance 
                                   \c@lstnumber \lst@advancelstnum \global \...
l.1364 \lthtmlfigureZ
                     
I'm forgetting what you said and not changing anything.

! You can't use `\advance' after \advance.
\lsthk@EveryPar ...advancelstnum \global \advance 
                                                  \c@lstnumber \m@ne \refste...
l.1364 \lthtmlfigureZ
                     
I'm forgetting what you said and not changing anything.

! You can't use `\advance' after \advance.
<argument> \global \advance 
                            \csname c@lstnumber\endcsname \@ne \relax 
l.1364 \lthtmlfigureZ
                     
I'm forgetting what you said and not changing anything.

! You can't use `\advance' after \advance.
\lst@SkipOrPrintLabel ...rs =\z@ \global \advance 
                                                  \lst@skipnumbers -\lst@ste...
l.1364 \lthtmlfigureZ
                     
I'm forgetting what you said and not changing anything.

! You can't use `\advance' after \advance.
\lst@SkipOrPrintLabel ...\fi \fi \global \advance 
                                                  \lst@skipnumbers \@ne 
l.1364 \lthtmlfigureZ
                     
I'm forgetting what you said and not changing anything.

! Extra \endcsname.
\pgfkeyslet ...ter \let \csname pgfk@#1\endcsname 
                                                  #2
l.1364 \lthtmlfigureZ
                     
I'm ignoring this, since I wasn't doing a \csname.

! Argument of \pgfkeys@temp has an extra }.
<inserted text> 
                \par 
l.1364 \lthtmlfigureZ
                     
I've run across a `}' that doesn't seem to match anything.
For example, `\def\a#1{...}' and `\a}' would produce
this error. If you simply proceed now, the `\par' that
I've just inserted will cause me to report a runaway
argument that might be the root of the problem. But if
your `}' was spurious, just type `2' and it will go away.

Runaway argument?
\pgfkeyssetvalue {/csv head/Disable\let \global \let \lst@token {}\lst@length \
ETC.
! Paragraph ended before \pgfkeys@temp was complete.
<to be read again> 
                   \par 
l.1364 \lthtmlfigureZ
                     
I suspect you've forgotten a `}', causing me to apply this
control sequence to too much text. How can we recover?
My plan is to forget the whole thing and hope for the best.

! Extra }, or forgotten \endgroup.
<recently read> }
                 
l.1364 \lthtmlfigureZ
                     
I've deleted a group-closing symbol because it seems to be
spurious, as in `$x}$'. But perhaps the } is legitimate and
you forgot something else, as in `\hbox{$x}'. In such cases
the way to recover is to insert both the forgotten and the
deleted material, e.g., by typing `I$}'.

! Extra }, or forgotten \endgroup.
\lthtmlTightFBox ...xpandafter \box \next \egroup 
                                                  \lthtmlCropMarkHeight =\ht...
l.1364 \lthtmlfigureZ
                     
I've deleted a group-closing symbol because it seems to be
spurious, as in `$x}$'. But perhaps the } is legitimate and
you forgot something else, as in `\hbox{$x}'. In such cases
the way to recover is to insert both the forgotten and the
deleted material, e.g., by typing `I$}'.


:table6159:lthtmlCropMarkHeight:=6.0pt

:table6159:lthtmlCropMarkDepth:=0.0pt:1ex:=4.71457pt
! You can't use `\let' after \advance.
\@ignorefalse ->\global \let 
                             \if@ignore \iffalse 
l.1364 \lthtmlfigureZ
                     
I'm forgetting what you said and not changing anything.

)
! Incomplete \iffalse; all text was ignored after line 1364.
<inserted text> 
                \fi 
<*> ./images.tex
                
The file ended while I was skipping conditional text.
This kind of error happens when you say `\if...' and forget
the matching `\fi'. I've inserted a `\fi'; this might work.

! Emergency stop.
<*> ./images.tex
                
*** (job aborted, no legal \end found)

 
Here is how much of TeX's memory you used:
 6707 strings out of 480478
 109887 string characters out of 5905960
 567085 words of memory out of 5000000
 22536 multiletter control sequences out of 15000+600000
 536090 words of font info for 36 fonts, out of 8000000 for 9000
 1141 hyphenation exceptions out of 8191
 43i,10n,57p,795b,1319s stack positions out of 5000i,500n,10000p,200000b,80000s
!  ==> Fatal error occurred, no output PDF file produced!
