This is pdfTeX, Version 3.14159265-2.6-1.40.20 (TeX Live 2019/Arch Linux) (preloaded format=pdflatex 2019.11.16)  8 DEC 2019 15:06
entering extended mode
 restricted \write18 enabled.
 %&-line parsing enabled.
**./images.tex
(./images.tex
LaTeX2e <2019-10-01> patch level 1

(/usr/share/texmf-dist/tex/latex/base/book.cls
Document Class: book 2019/08/27 v1.4j Standard LaTeX document class
(/usr/share/texmf-dist/tex/latex/base/bk11.clo
File: bk11.clo 2019/08/27 v1.4j Standard LaTeX file (size option)
)
\c@part=\count80
\c@chapter=\count81
\c@section=\count82
\c@subsection=\count83
\c@subsubsection=\count84
\c@paragraph=\count85
\c@subparagraph=\count86
\c@figure=\count87
\c@table=\count88
\abovecaptionskip=\skip41
\belowcaptionskip=\skip42
\bibindent=\dimen102
) (/usr/share/texmf-dist/tex/latex/base/ifthen.sty
Package: ifthen 2014/09/29 v1.1c Standard LaTeX ifthen package (DPC)
) (/usr/share/texmf-dist/tex/latex/csvsimple/csvsimple.sty
Package: csvsimple 2019/04/09 version 1.21 LaTeX CSV file processing
(/usr/share/texmf-dist/tex/latex/pgf/utilities/pgfrcs.sty (/usr/share/texmf-dis
t/tex/generic/pgf/utilities/pgfutil-common.tex
\pgfutil@everybye=\toks14
\pgfutil@tempdima=\dimen103
\pgfutil@tempdimb=\dimen104
(/usr/share/texmf-dist/tex/generic/pgf/utilities/pgfutil-common-lists.tex)) (/u
sr/share/texmf-dist/tex/generic/pgf/utilities/pgfutil-latex.def
\pgfutil@abb=\box27
(/usr/share/texmf-dist/tex/latex/ms/everyshi.sty
Package: everyshi 2001/05/15 v3.00 EveryShipout Package (MS)
)) (/usr/share/texmf-dist/tex/generic/pgf/utilities/pgfrcs.code.tex (/usr/share
/texmf-dist/tex/generic/pgf/pgf.revision.tex)
Package: pgfrcs 2019/08/03 v3.1.4b (3.1.4b)
)) (/usr/share/texmf-dist/tex/latex/pgf/utilities/pgfkeys.sty (/usr/share/texmf
-dist/tex/generic/pgf/utilities/pgfkeys.code.tex
\pgfkeys@pathtoks=\toks15
\pgfkeys@temptoks=\toks16
(/usr/share/texmf-dist/tex/generic/pgf/utilities/pgfkeysfiltered.code.tex
\pgfkeys@tmptoks=\toks17
))) (/usr/share/texmf-dist/tex/latex/etoolbox/etoolbox.sty
Package: etoolbox 2019/09/21 v2.5h e-TeX tools for LaTeX (JAW)
\etb@tempcnta=\count89
) (/usr/share/texmf-dist/tex/latex/tools/shellesc.sty
Package: shellesc 2016/06/07 v0.02b unified shell escape interface for LaTeX
Package shellesc Info: Restricted shell escape enabled on input line 72.
)
\csv@file=\read1
\c@csvinputline=\count90
\c@csvrow=\count91
\c@csvcol=\count92
\csv@out=\write3
) (/usr/share/texmf-dist/tex/latex/booktabs/booktabs.sty
Package: booktabs 2019/10/08 v1.6180339 publication quality tables
\heavyrulewidth=\dimen105
\lightrulewidth=\dimen106
\cmidrulewidth=\dimen107
\belowrulesep=\dimen108
\belowbottomsep=\dimen109
\aboverulesep=\dimen110
\abovetopsep=\dimen111
\cmidrulesep=\dimen112
\cmidrulekern=\dimen113
\defaultaddspace=\dimen114
\@cmidla=\count93
\@cmidlb=\count94
\@aboverulesep=\dimen115
\@belowrulesep=\dimen116
\@thisruleclass=\count95
\@lastruleclass=\count96
\@thisrulewidth=\dimen117
) (/usr/share/texmf-dist/tex/latex/enumitem/enumitem.sty
Package: enumitem 2019/06/20 v3.9 Customized lists
\enitkv@toks@=\toks18
\labelindent=\skip43
\enit@outerparindent=\dimen118
\enit@toks=\toks19
\enit@inbox=\box28
\enit@count@id=\count97
\enitdp@description=\count98
) (/usr/share/texmf-dist/tex/latex/placeins/placeins.sty
Package: placeins 2005/04/18  v 2.2
) (/usr/share/texmf-dist/tex/latex/graphics/graphicx.sty
Package: graphicx 2017/06/01 v1.1a Enhanced LaTeX Graphics (DPC,SPQR)
(/usr/share/texmf-dist/tex/latex/graphics/keyval.sty
Package: keyval 2014/10/28 v1.15 key=value parser (DPC)
\KV@toks@=\toks20
) (/usr/share/texmf-dist/tex/latex/graphics/graphics.sty
Package: graphics 2019/10/08 v1.3c Standard LaTeX Graphics (DPC,SPQR)
(/usr/share/texmf-dist/tex/latex/graphics/trig.sty
Package: trig 2016/01/03 v1.10 sin cos tan (DPC)
) (/usr/share/texmf-dist/tex/latex/graphics-cfg/graphics.cfg
File: graphics.cfg 2016/06/04 v1.11 sample graphics configuration
)
Package graphics Info: Driver file: pdftex.def on input line 105.
(/usr/share/texmf-dist/tex/latex/graphics-def/pdftex.def
File: pdftex.def 2018/01/08 v1.0l Graphics/color driver for pdftex
))
\Gin@req@height=\dimen119
\Gin@req@width=\dimen120
) (/usr/share/texmf-dist/tex/latex/base/makeidx.sty
Package: makeidx 2014/09/29 v1.0m Standard LaTeX package
) (/usr/share/texmf-dist/tex/generic/xint/xintbinhex.sty (/usr/share/texmf-dist
/tex/generic/xint/xintkernel.sty
Package: xintkernel 2019/09/10 v1.3f Paraphernalia for the xint packages (JFB)
\xint_c_ii^xiv=\count99
\xint_c_ii^xxi=\count100
)
Package: xintbinhex 2019/09/10 v1.3f Expandable binary and hexadecimal conversi
ons (JFB)
\xint_c_ii^xv=\count101
\xint_c_ii^xvi=\count102
) (/usr/share/texmf-dist/tex/generic/xint/xintexpr.sty (/usr/share/texmf-dist/t
ex/generic/xint/xintfrac.sty (/usr/share/texmf-dist/tex/generic/xint/xint.sty (
/usr/share/texmf-dist/tex/generic/xint/xintcore.sty
Package: xintcore 2019/09/10 v1.3f Expandable arithmetic on big integers (JFB)
\xint_c_x^viii=\count103
\xint_c_x^ix=\count104
\xint_c_x^viii_mone=\count105
\xint_c_xii_e_viii=\count106
\xint_c_xi_e_viii_mone=\count107
)
Package: xint 2019/09/10 v1.3f Expandable operations on big integers (JFB)
\xint_c_nine_x^viii=\count108
)
Package: xintfrac 2019/09/10 v1.3f Expandable operations on fractions (JFB)
) (/usr/share/texmf-dist/tex/generic/xint/xinttools.sty
Package: xinttools 2019/09/10 v1.3f Expandable and non-expandable utilities (JF
B)
\XINT_toks=\toks21
)
Package: xintexpr 2019/09/10 v1.3f Expandable expression parser (JFB)
(/usr/share/texmf-dist/tex/generic/xint/xinttrig.sty
Package: xinttrig 2019/09/10 v1.3f Trigonometrical functions for xintexpr (JFB)

) (/usr/share/texmf-dist/tex/generic/xint/xintlog.sty
Package: xintlog 2019/09/10 v1.3f Logarithms and exponentials for xintexpr (JFB
)
(/usr/share/texmf-dist/tex/generic/poormanlog/poormanlog.sty
Package: poormanlog 2019/04/22 v0.05 base 10 log and pow with 9 digits (JFB)
(/usr/share/texmf-dist/tex/generic/poormanlog/poormanlog.tex))))
\@indexfile=\write4
\openout4 = `images.idx'.

Writing index file images.idx
(/usr/share/texmf-dist/tex/latex/xcolor/xcolor.sty
Package: xcolor 2016/05/11 v2.12 LaTeX color extensions (UK)
(/usr/share/texmf-dist/tex/latex/graphics-cfg/color.cfg
File: color.cfg 2016/01/02 v1.6 sample color configuration
)
Package xcolor Info: Driver file: pdftex.def on input line 225.
Package xcolor Info: Model `cmy' substituted by `cmy0' on input line 1348.
Package xcolor Info: Model `hsb' substituted by `rgb' on input line 1352.
Package xcolor Info: Model `RGB' extended on input line 1364.
Package xcolor Info: Model `HTML' substituted by `rgb' on input line 1366.
Package xcolor Info: Model `Hsb' substituted by `hsb' on input line 1367.
Package xcolor Info: Model `tHsb' substituted by `hsb' on input line 1368.
Package xcolor Info: Model `HSB' substituted by `hsb' on input line 1369.
Package xcolor Info: Model `Gray' substituted by `gray' on input line 1370.
Package xcolor Info: Model `wave' substituted by `hsb' on input line 1371.
) (/usr/share/texmf-dist/tex/latex/base/inputenc.sty
Package: inputenc 2018/08/11 v1.3c Input encoding file
\inpenc@prehook=\toks22
\inpenc@posthook=\toks23
)
\sizebox=\box29
\lthtmlwrite=\write5
(/usr/share/texmf-dist/tex/latex/preview/preview.sty
Package: preview 2017/04/24 11.91 (AUCTeX/preview-latex)
(/usr/share/texmf-dist/tex/generic/luatex85/luatex85.sty
Package: luatex85 2016/06/15 v1.4 pdftex aliases for luatex
) (/usr/share/texmf-dist/tex/latex/preview/prtightpage.def
\PreviewBorder=\dimen121
)
\pr@snippet=\count109
\pr@box=\box30
\pr@output=\toks24
)
\lthtmlPageBox=\box31
\lthtmlCropMarkHeight=\dimen122
\lthtmlCropMarkDepth=\dimen123
! Too many }'s.
l.86 ...preview}\copy\lthtmlPageBox\end{preview}}}
                                                  %
You've closed more groups than you opened.
Such booboos are generally harmless, so keep going.

(./images.aux (/home/alex/retro/zx/code/zx_next_notes/video/video.aux) (/home/a
lex/retro/zx/code/zx_next_notes/audio/audio.aux) (/home/alex/retro/zx/code/zx_n
ext_notes/memory_management.aux) (/home/alex/retro/zx/code/zx_next_notes/zxndma
/zxndma.aux) (/home/alex/retro/zx/code/zx_next_notes/copper/copper.aux) (/home/
alex/retro/zx/code/zx_next_notes/interrupts.aux) (/home/alex/retro/zx/code/zx_n
ext_notes/pi0.aux) (/home/alex/retro/zx/code/zx_next_notes/storage.aux) (/home/
alex/retro/zx/code/zx_next_notes/ports/ports.aux) (/home/alex/retro/zx/code/zx_
next_notes/registers/registers.aux) (/home/alex/retro/zx/code/zx_next_notes/opc
ode/opcode-mnemonic.aux) (/home/alex/retro/zx/code/zx_next_notes/instructions.a
ux) (/home/alex/retro/zx/code/zx_next_notes/memory_map.aux) (/home/alex/retro/z
x/code/zx_next_notes/file_formats.aux))
\openout1 = `images.aux'.

LaTeX Font Info:    Checking defaults for OML/cmm/m/it on input line 117.
LaTeX Font Info:    ... okay on input line 117.
LaTeX Font Info:    Checking defaults for T1/cmr/m/n on input line 117.
LaTeX Font Info:    ... okay on input line 117.
LaTeX Font Info:    Checking defaults for OT1/cmr/m/n on input line 117.
LaTeX Font Info:    ... okay on input line 117.
LaTeX Font Info:    Checking defaults for OMS/cmsy/m/n on input line 117.
LaTeX Font Info:    ... okay on input line 117.
LaTeX Font Info:    Checking defaults for OMX/cmex/m/n on input line 117.
LaTeX Font Info:    ... okay on input line 117.
LaTeX Font Info:    Checking defaults for U/cmr/m/n on input line 117.
LaTeX Font Info:    ... okay on input line 117.
ABD: EveryShipout initializing macros (/usr/share/texmf-dist/tex/context/base/m
kii/supp-pdf.mkii
[Loading MPS to PDF converter (version 2006.09.02).]
\scratchcounter=\count110
\scratchdimen=\dimen124
\scratchbox=\box32
\nofMPsegments=\count111
\nofMParguments=\count112
\everyMPshowfont=\toks25
\MPscratchCnt=\count113
\MPscratchDim=\dimen125
\MPnumerator=\count114
\makeMPintoPDFobject=\count115
\everyMPtoPDFconversion=\toks26
) (/usr/share/texmf-dist/tex/latex/oberdiek/epstopdf-base.sty
Package: epstopdf-base 2016/05/15 v2.6 Base part for package epstopdf
(/usr/share/texmf-dist/tex/generic/oberdiek/infwarerr.sty
Package: infwarerr 2016/05/16 v1.4 Providing info/warning/error messages (HO)
) (/usr/share/texmf-dist/tex/latex/oberdiek/grfext.sty
Package: grfext 2016/05/16 v1.2 Manage graphics extensions (HO)
(/usr/share/texmf-dist/tex/generic/oberdiek/kvdefinekeys.sty
Package: kvdefinekeys 2016/05/16 v1.4 Define keys (HO)
(/usr/share/texmf-dist/tex/generic/oberdiek/ltxcmds.sty
Package: ltxcmds 2016/05/16 v1.23 LaTeX kernel commands for general use (HO)
))) (/usr/share/texmf-dist/tex/latex/oberdiek/kvoptions.sty
Package: kvoptions 2016/05/16 v3.12 Key value format for package options (HO)
(/usr/share/texmf-dist/tex/generic/oberdiek/kvsetkeys.sty
Package: kvsetkeys 2016/05/16 v1.17 Key value parser (HO)
(/usr/share/texmf-dist/tex/generic/oberdiek/etexcmds.sty
Package: etexcmds 2016/05/16 v1.6 Avoid name clashes with e-TeX commands (HO)
(/usr/share/texmf-dist/tex/generic/oberdiek/ifluatex.sty
Package: ifluatex 2016/05/16 v1.4 Provides the ifluatex switch (HO)
Package ifluatex Info: LuaTeX not detected.
)))) (/usr/share/texmf-dist/tex/generic/oberdiek/pdftexcmds.sty
Package: pdftexcmds 2019/07/25 v0.30 Utility functions of pdfTeX for LuaTeX (HO
)
(/usr/share/texmf-dist/tex/generic/oberdiek/ifpdf.sty
Package: ifpdf 2018/09/07 v3.3 Provides the ifpdf switch
)
Package pdftexcmds Info: LuaTeX not detected.
Package pdftexcmds Info: \pdf@primitive is available.
Package pdftexcmds Info: \pdf@ifprimitive is available.
Package pdftexcmds Info: \pdfdraftmode found.
)
Package epstopdf-base Info: Redefining graphics rule for `.eps' on input line 4
38.
Package grfext Info: Graphics extension search list:
(grfext)             [.pdf,.png,.jpg,.mps,.jpeg,.jbig2,.jb2,.PDF,.PNG,.JPG,.JPE
G,.JBIG2,.JB2,.eps]
(grfext)             \AppendGraphicsExtensions on input line 456.
(/usr/share/texmf-dist/tex/latex/latexconfig/epstopdf-sys.cfg
File: epstopdf-sys.cfg 2010/07/13 v1.3 Configuration of (r)epstopdf for TeX Liv
e
))
Preview: Fontsize 10.95pt
Preview: PDFoutput 1

latex2htmlLength hsize=349.0pt

latex2htmlLength vsize=624.73698pt

latex2htmlLength hoffset=0.0pt

latex2htmlLength voffset=0.0pt

latex2htmlLength topmargin=0.0pt

latex2htmlLength topskip=0.00003pt

latex2htmlLength headheight=0.0pt

latex2htmlLength headsep=0.0pt

latex2htmlLength parskip=6.0pt

latex2htmlLength oddsidemargin=29.0pt

latex2htmlLength evensidemargin=80.0pt

LaTeX Font Info:    External font `cmex10' loaded for size
(Font)              <10.95> on input line 148.
LaTeX Font Info:    External font `cmex10' loaded for size
(Font)              <8> on input line 148.
LaTeX Font Info:    External font `cmex10' loaded for size
(Font)              <6> on input line 148.

:table67:lthtmlCropMarkHeight:=129.5999pt

:table67:lthtmlCropMarkDepth:=0.0pt:1ex:=4.71457pt
Preview: Tightpage -32891 -32891 32891 32891
[1{/var/lib/texmf/fonts/map/pdftex/updmap/pdftex.map}]

:tex2html_wrap_inline173:lthtmlCropMarkHeight:=10.01727pt

:tex2html_wrap_inline173:lthtmlCropMarkDepth:=0.0pt:1ex:=4.71457pt
[2]

:table116:lthtmlCropMarkHeight:=34.39996pt

:table116:lthtmlCropMarkDepth:=0.0pt:1ex:=4.71457pt
[3]

:table120:lthtmlCropMarkHeight:=129.5999pt

:table120:lthtmlCropMarkDepth:=0.0pt:1ex:=4.71457pt
[4]

:tex2html_wrap_inline183:lthtmlCropMarkHeight:=13.05666pt

:tex2html_wrap_inline183:lthtmlCropMarkDepth:=0.9125pt:1ex:=4.71457pt
[5]

:tex2html_wrap_inline185:lthtmlCropMarkHeight:=13.05666pt

:tex2html_wrap_inline185:lthtmlCropMarkDepth:=0.9125pt:1ex:=4.71457pt
[6]

:tex2html_wrap_inline187:lthtmlCropMarkHeight:=13.05666pt

:tex2html_wrap_inline187:lthtmlCropMarkDepth:=0.9125pt:1ex:=4.71457pt
[7]

:tex2html_wrap_inline197:lthtmlCropMarkHeight:=13.48248pt

:tex2html_wrap_inline197:lthtmlCropMarkDepth:=1.64249pt:1ex:=4.71457pt
[8]

:tex2html_wrap_inline201:lthtmlCropMarkHeight:=13.48248pt

:tex2html_wrap_inline201:lthtmlCropMarkDepth:=1.64249pt:1ex:=4.71457pt
[9]

:tex2html_wrap_inline203:lthtmlCropMarkHeight:=13.48248pt

:tex2html_wrap_inline203:lthtmlCropMarkDepth:=1.64249pt:1ex:=4.71457pt
[10]

:tex2html_wrap_inline205:lthtmlCropMarkHeight:=13.48248pt

:tex2html_wrap_inline205:lthtmlCropMarkDepth:=1.64249pt:1ex:=4.71457pt
[11]

:tex2html_wrap_inline209:lthtmlCropMarkHeight:=13.05666pt

:tex2html_wrap_inline209:lthtmlCropMarkDepth:=0.9125pt:1ex:=4.71457pt
[12]

:tex2html_wrap_inline211:lthtmlCropMarkHeight:=13.05666pt

:tex2html_wrap_inline211:lthtmlCropMarkDepth:=0.9125pt:1ex:=4.71457pt
[13]

:tex2html_wrap_inline219:lthtmlCropMarkHeight:=13.05666pt

:tex2html_wrap_inline219:lthtmlCropMarkDepth:=0.9125pt:1ex:=4.71457pt
[14]

:table134:lthtmlCropMarkHeight:=129.5999pt

:table134:lthtmlCropMarkDepth:=0.0pt:1ex:=4.71457pt
[15]

:tex2html_wrap_inline221:lthtmlCropMarkHeight:=13.05666pt

:tex2html_wrap_inline221:lthtmlCropMarkDepth:=0.9125pt:1ex:=4.71457pt
[16]

:tex2html_wrap_inline225:lthtmlCropMarkHeight:=13.05666pt

:tex2html_wrap_inline225:lthtmlCropMarkDepth:=0.9125pt:1ex:=4.71457pt
[17]

:tex2html_wrap_inline227:lthtmlCropMarkHeight:=13.48248pt

:tex2html_wrap_inline227:lthtmlCropMarkDepth:=1.64249pt:1ex:=4.71457pt
[18]

:tex2html_wrap_inline229:lthtmlCropMarkHeight:=13.05666pt

:tex2html_wrap_inline229:lthtmlCropMarkDepth:=0.9125pt:1ex:=4.71457pt
[19]

:tex2html_wrap_inline231:lthtmlCropMarkHeight:=13.05666pt

:tex2html_wrap_inline231:lthtmlCropMarkDepth:=0.0pt:1ex:=4.71457pt
[20]

:tex2html_wrap_inline473:lthtmlCropMarkHeight:=13.05666pt

:tex2html_wrap_inline473:lthtmlCropMarkDepth:=0.9125pt:1ex:=4.71457pt
[21]

:tex2html_wrap_inline475:lthtmlCropMarkHeight:=13.05666pt

:tex2html_wrap_inline475:lthtmlCropMarkDepth:=0.9125pt:1ex:=4.71457pt
[22]

:tex2html_wrap_inline477:lthtmlCropMarkHeight:=13.05666pt

:tex2html_wrap_inline477:lthtmlCropMarkDepth:=0.9125pt:1ex:=4.71457pt
[23]

:tex2html_wrap_inline479:lthtmlCropMarkHeight:=13.05666pt

:tex2html_wrap_inline479:lthtmlCropMarkDepth:=0.9125pt:1ex:=4.71457pt
[24]

:tex2html_wrap_inline483:lthtmlCropMarkHeight:=13.05666pt

:tex2html_wrap_inline483:lthtmlCropMarkDepth:=0.9125pt:1ex:=4.71457pt
[25]

:tex2html_wrap_inline485:lthtmlCropMarkHeight:=13.05666pt

:tex2html_wrap_inline485:lthtmlCropMarkDepth:=0.9125pt:1ex:=4.71457pt
[26]

:tex2html_wrap_inline529:lthtmlCropMarkHeight:=13.05666pt

:tex2html_wrap_inline529:lthtmlCropMarkDepth:=0.9125pt:1ex:=4.71457pt
[27]

:tex2html_wrap_inline756:lthtmlCropMarkHeight:=13.05666pt

:tex2html_wrap_inline756:lthtmlCropMarkDepth:=0.9125pt:1ex:=4.71457pt
[28]

:tex2html_wrap_inline758:lthtmlCropMarkHeight:=13.05666pt

:tex2html_wrap_inline758:lthtmlCropMarkDepth:=0.9125pt:1ex:=4.71457pt
[29]

:tex2html_wrap_inline760:lthtmlCropMarkHeight:=13.05666pt

:tex2html_wrap_inline760:lthtmlCropMarkDepth:=0.9125pt:1ex:=4.71457pt
[30]

:tex2html_wrap_inline762:lthtmlCropMarkHeight:=13.05666pt

:tex2html_wrap_inline762:lthtmlCropMarkDepth:=0.9125pt:1ex:=4.71457pt
[31]

:tex2html_wrap_inline784:lthtmlCropMarkHeight:=13.05666pt

:tex2html_wrap_inline784:lthtmlCropMarkDepth:=0.9125pt:1ex:=4.71457pt
[32]

:tex2html_wrap_inline788:lthtmlCropMarkHeight:=13.05666pt

:tex2html_wrap_inline788:lthtmlCropMarkDepth:=0.9125pt:1ex:=4.71457pt
[33]

:tex2html_wrap_inline850:lthtmlCropMarkHeight:=13.05666pt

:tex2html_wrap_inline850:lthtmlCropMarkDepth:=0.9125pt:1ex:=4.71457pt
[34]

:table1141:lthtmlCropMarkHeight:=75.19994pt

:table1141:lthtmlCropMarkDepth:=0.0pt:1ex:=4.71457pt
[35]
Overfull \hbox (157.3037pt too wide) in paragraph at lines 431--431
 [][] 
 []


:table1193:lthtmlCropMarkHeight:=102.39992pt

:table1193:lthtmlCropMarkDepth:=0.0pt:1ex:=4.71457pt
[36]

:table1336:lthtmlCropMarkHeight:=115.99991pt

:table1336:lthtmlCropMarkDepth:=0.0pt:1ex:=4.71457pt
[37]

:table1340:lthtmlCropMarkHeight:=115.99991pt

:table1340:lthtmlCropMarkDepth:=0.0pt:1ex:=4.71457pt
[38]

:table1346:lthtmlCropMarkHeight:=75.19994pt

:table1346:lthtmlCropMarkDepth:=0.0pt:1ex:=4.71457pt
[39]

:table1350:lthtmlCropMarkHeight:=75.19994pt

:table1350:lthtmlCropMarkDepth:=0.0pt:1ex:=4.71457pt
[40]
Overfull \hbox (36.52087pt too wide) in paragraph at lines 499--499
 [][] 
 []


:table1354:lthtmlCropMarkHeight:=140.33322pt

:table1354:lthtmlCropMarkDepth:=0.0pt:1ex:=4.71457pt
[41]
LaTeX Font Info:    External font `cmex10' loaded for size
(Font)              <5> on input line 512.

Overfull \hbox (11.31319pt too wide) in paragraph at lines 512--512
 [][] 
 []


:table1358:lthtmlCropMarkHeight:=167.53333pt

:table1358:lthtmlCropMarkDepth:=0.0pt:1ex:=4.71457pt
[42]

:tex2html_wrap_inline1458:lthtmlCropMarkHeight:=13.05666pt

:tex2html_wrap_inline1458:lthtmlCropMarkDepth:=0.9125pt:1ex:=4.71457pt
[43]

:tex2html_wrap_inline1460:lthtmlCropMarkHeight:=13.05666pt

:tex2html_wrap_inline1460:lthtmlCropMarkDepth:=0.9125pt:1ex:=4.71457pt
[44]

:table1363:lthtmlCropMarkHeight:=47.99995pt

:table1363:lthtmlCropMarkDepth:=0.0pt:1ex:=4.71457pt
[45]
LaTeX Font Info:    External font `cmex10' loaded for size
(Font)              <7> on input line 557.

Overfull \hbox (33.41745pt too wide) in paragraph at lines 557--557
 [][] 
 []


:table1367:lthtmlCropMarkHeight:=234.19998pt

:table1367:lthtmlCropMarkDepth:=0.0pt:1ex:=4.71457pt
[46]

:table1372:lthtmlCropMarkHeight:=111.00412pt

:table1372:lthtmlCropMarkDepth:=0.0pt:1ex:=4.71457pt
[47]
Overfull \hbox (11.48543pt too wide) in paragraph at lines 595--595
 [][] 
 []


:table1385:lthtmlCropMarkHeight:=97.40411pt

:table1385:lthtmlCropMarkDepth:=0.0pt:1ex:=4.71457pt
[48]

:table1389:lthtmlCropMarkHeight:=84.41245pt

:table1389:lthtmlCropMarkDepth:=0.0pt:1ex:=4.71457pt
[49]
Overfull \hbox (132.6706pt too wide) in paragraph at lines 625--625
 [][] 
 []


:table1420:lthtmlCropMarkHeight:=319.99977pt

:table1420:lthtmlCropMarkDepth:=0.0pt:1ex:=4.71457pt
[50]
Overfull \hbox (71.23457pt too wide) in paragraph at lines 641--641
 [][] 
 []


:table1894:lthtmlCropMarkHeight:=343.19998pt

:table1894:lthtmlCropMarkDepth:=0.0pt:1ex:=4.71457pt
[51]

:tex2html_wrap_inline3258:lthtmlCropMarkHeight:=15.48238pt

:tex2html_wrap_inline3258:lthtmlCropMarkDepth:=0.0pt:1ex:=4.71457pt
[52]

:tex2html_wrap_inline3348:lthtmlCropMarkHeight:=15.44032pt

:tex2html_wrap_inline3348:lthtmlCropMarkDepth:=0.0pt:1ex:=4.71457pt
[53]

:tex2html_wrap_inline3556:lthtmlCropMarkHeight:=15.48238pt

:tex2html_wrap_inline3556:lthtmlCropMarkDepth:=2.12917pt:1ex:=4.71457pt
[54]

:tex2html_wrap_inline3558:lthtmlCropMarkHeight:=15.48238pt

:tex2html_wrap_inline3558:lthtmlCropMarkDepth:=0.0pt:1ex:=4.71457pt
[55]

:tex2html_wrap_inline3610:lthtmlCropMarkHeight:=15.46692pt

:tex2html_wrap_inline3610:lthtmlCropMarkDepth:=5.34497pt:1ex:=4.71457pt
[56]

:tex2html_wrap_inline3612:lthtmlCropMarkHeight:=15.46692pt

:tex2html_wrap_inline3612:lthtmlCropMarkDepth:=6.30002pt:1ex:=4.71457pt
[57]

:table4034:lthtmlCropMarkHeight:=168.69972pt

:table4034:lthtmlCropMarkDepth:=0.0pt:1ex:=4.71457pt
[58]

:table4038:lthtmlCropMarkHeight:=168.69972pt

:table4038:lthtmlCropMarkDepth:=0.0pt:1ex:=4.71457pt
[59]

:table4042:lthtmlCropMarkHeight:=168.69972pt

:table4042:lthtmlCropMarkDepth:=0.0pt:1ex:=4.71457pt
[60]

:table4046:lthtmlCropMarkHeight:=168.69972pt

:table4046:lthtmlCropMarkDepth:=0.0pt:1ex:=4.71457pt
[61]

:table4050:lthtmlCropMarkHeight:=168.69972pt

:table4050:lthtmlCropMarkDepth:=0.0pt:1ex:=4.71457pt
[62]

:table4054:lthtmlCropMarkHeight:=168.69972pt

:table4054:lthtmlCropMarkDepth:=0.0pt:1ex:=4.71457pt
[63]

:table4058:lthtmlCropMarkHeight:=168.69972pt

:table4058:lthtmlCropMarkDepth:=0.0pt:1ex:=4.71457pt
[64]

:table4062:lthtmlCropMarkHeight:=168.69972pt

:table4062:lthtmlCropMarkDepth:=0.0pt:1ex:=4.71457pt
[65]

:table4067:lthtmlCropMarkHeight:=168.69972pt

:table4067:lthtmlCropMarkDepth:=0.0pt:1ex:=4.71457pt
[66]

:table4071:lthtmlCropMarkHeight:=168.69972pt

:table4071:lthtmlCropMarkDepth:=0.0pt:1ex:=4.71457pt
[67]

:table4075:lthtmlCropMarkHeight:=168.69972pt

:table4075:lthtmlCropMarkDepth:=0.0pt:1ex:=4.71457pt
[68]

:table4079:lthtmlCropMarkHeight:=168.69972pt

:table4079:lthtmlCropMarkDepth:=0.0pt:1ex:=4.71457pt
[69]

:table4083:lthtmlCropMarkHeight:=168.69972pt

:table4083:lthtmlCropMarkDepth:=0.0pt:1ex:=4.71457pt
[70]

:table4087:lthtmlCropMarkHeight:=168.69972pt

:table4087:lthtmlCropMarkDepth:=0.0pt:1ex:=4.71457pt
[71]

:table4091:lthtmlCropMarkHeight:=168.69972pt

:table4091:lthtmlCropMarkDepth:=0.0pt:1ex:=4.71457pt
[72]

:table4095:lthtmlCropMarkHeight:=168.69972pt

:table4095:lthtmlCropMarkDepth:=0.0pt:1ex:=4.71457pt
[73]

:table4100:lthtmlCropMarkHeight:=159.19974pt

:table4100:lthtmlCropMarkDepth:=0.0pt:1ex:=4.71457pt
[74]

:table4104:lthtmlCropMarkHeight:=168.69972pt

:table4104:lthtmlCropMarkDepth:=0.0pt:1ex:=4.71457pt
[75]

:table4108:lthtmlCropMarkHeight:=130.69978pt

:table4108:lthtmlCropMarkDepth:=0.0pt:1ex:=4.71457pt
[76]

:table4113:lthtmlCropMarkHeight:=167.7553pt

:table4113:lthtmlCropMarkDepth:=0.0pt:1ex:=4.71457pt
[77]

:table4117:lthtmlCropMarkHeight:=168.69972pt

:table4117:lthtmlCropMarkDepth:=0.0pt:1ex:=4.71457pt
[78]

:table4121:lthtmlCropMarkHeight:=167.7553pt

:table4121:lthtmlCropMarkDepth:=0.0pt:1ex:=4.71457pt
[79]

:table4126:lthtmlCropMarkHeight:=159.19974pt

:table4126:lthtmlCropMarkDepth:=0.0pt:1ex:=4.71457pt
[80]

:table4130:lthtmlCropMarkHeight:=168.69972pt

:table4130:lthtmlCropMarkDepth:=0.0pt:1ex:=4.71457pt
[81]

:table4134:lthtmlCropMarkHeight:=130.69978pt

:table4134:lthtmlCropMarkDepth:=0.0pt:1ex:=4.71457pt
[82] (./images.aux) ) 
Here is how much of TeX's memory you used:
 9765 strings out of 492167
 217734 string characters out of 6131557
 280629 words of memory out of 5000000
 13923 multiletter control sequences out of 15000+600000
 6379 words of font info for 23 fonts, out of 8000000 for 9000
 1141 hyphenation exceptions out of 8191
 71i,10n,110p,1415b,383s stack positions out of 5000i,500n,10000p,200000b,80000s
</usr/share/texmf-dist/fonts/type1/public/amsfonts/cm/cmmi
10.pfb></usr/share/texmf-dist/fonts/type1/public/amsfonts/cm/cmmi8.pfb></usr/sh
are/texmf-dist/fonts/type1/public/amsfonts/cm/cmr10.pfb></usr/share/texmf-dist/
fonts/type1/public/amsfonts/cm/cmr6.pfb></usr/share/texmf-dist/fonts/type1/publ
ic/amsfonts/cm/cmr8.pfb></usr/share/texmf-dist/fonts/type1/public/amsfonts/cm/c
msy10.pfb>
Output written on images.pdf (82 pages, 163087 bytes).
PDF statistics:
 294 PDF objects out of 1000 (max. 8388607)
 201 compressed objects within 3 object streams
 0 named destinations out of 1000 (max. 500000)
 1 words of extra memory for PDF output out of 10000 (max. 10000000)

